<?xml version="1.0" encoding="UTF-8"?>
<testsuite name="'Year' field testing" tests="5" skipped="0" failures="0" errors="0" timestamp="2023-08-12T08:11:41" hostname="DESKTOP-74T93KU" time="3.157">
  <properties/>
  <testcase name="Notification if 'Zero'" classname="ru.netology.test.YearFieldTest" time="0.632"/>
  <testcase name="Past year and current month" classname="ru.netology.test.YearFieldTest" time="0.64"/>
  <testcase name="Notification if 'Year equals more than five years from now'" classname="ru.netology.test.YearFieldTest" time="0.638"/>
  <testcase name="Notification if 'Double Zero'" classname="ru.netology.test.YearFieldTest" time="0.631"/>
  <testcase name="Empty field notification" classname="ru.netology.test.YearFieldTest" time="0.61"/>
  <system-out><![CDATA[]]></system-out>
  <system-err><![CDATA[авг. 12, 2023 11:11:41 AM org.junit.platform.launcher.core.CompositeTestExecutionListener lambda$notifyEach$19
WARNING: TestExecutionListener [io.qameta.allure.junitplatform.AllureJunitPlatform] threw exception for method: executionStarted(TestIdentifier [uniqueId = [engine:junit-jupiter]/[class:ru.netology.test.YearFieldTest]/[method:zeroDigitInYearField()], parentId = [engine:junit-jupiter]/[class:ru.netology.test.YearFieldTest], displayName = 'Notification if 'Zero'', legacyReportingName = 'zeroDigitInYearField()', source = MethodSource [className = 'ru.netology.test.YearFieldTest', methodName = 'zeroDigitInYearField', methodParameterTypes = ''], tags = [], type = TEST])
java.lang.NoSuchMethodError: 'void io.qameta.allure.util.ResultsUtils.processDescription(java.lang.ClassLoader, java.lang.reflect.Method, io.qameta.allure.model.ExecutableItem)'
	at io.qameta.allure.junitplatform.AllureJunitPlatform.lambda$startTestCase$7(AllureJunitPlatform.java:412)
	at java.base/java.util.Optional.ifPresent(Optional.java:183)
	at io.qameta.allure.junitplatform.AllureJunitPlatform.startTestCase(AllureJunitPlatform.java:412)
	at io.qameta.allure.junitplatform.AllureJunitPlatform.executionStarted(AllureJunitPlatform.java:148)
	at org.junit.platform.launcher.core.CompositeTestExecutionListener.lambda$executionStarted$6(CompositeTestExecutionListener.java:60)
	at org.junit.platform.launcher.core.CompositeTestExecutionListener.lambda$notifyEach$19(CompositeTestExecutionListener.java:95)
	at java.base/java.util.ArrayList.forEach(ArrayList.java:1541)
	at org.junit.platform.launcher.core.CompositeTestExecutionListener.notifyEach(CompositeTestExecutionListener.java:93)
	at org.junit.platform.launcher.core.CompositeTestExecutionListener.executionStarted(CompositeTestExecutionListener.java:60)
	at org.junit.platform.launcher.core.ExecutionListenerAdapter.executionStarted(ExecutionListenerAdapter.java:46)
	at org.junit.platform.launcher.core.CompositeEngineExecutionListener.lambda$executionStarted$4(CompositeEngineExecutionListener.java:50)
	at org.junit.platform.launcher.core.CompositeEngineExecutionListener.lambda$notifyEach$11(CompositeEngineExecutionListener.java:71)
	at java.base/java.util.ArrayList.forEach(ArrayList.java:1541)
	at org.junit.platform.launcher.core.CompositeEngineExecutionListener.notifyEach(CompositeEngineExecutionListener.java:69)
	at org.junit.platform.launcher.core.CompositeEngineExecutionListener.executionStarted(CompositeEngineExecutionListener.java:50)
	at org.junit.platform.launcher.core.DelegatingEngineExecutionListener.executionStarted(DelegatingEngineExecutionListener.java:41)
	at org.junit.platform.launcher.core.OutcomeDelayingEngineExecutionListener.executionStarted(OutcomeDelayingEngineExecutionListener.java:53)
	at org.junit.platform.engine.support.hierarchical.NodeTestTask.executeRecursively(NodeTestTask.java:135)
	at org.junit.platform.engine.support.hierarchical.NodeTestTask.execute(NodeTestTask.java:95)
	at java.base/java.util.ArrayList.forEach(ArrayList.java:1541)
	at org.junit.platform.engine.support.hierarchical.SameThreadHierarchicalTestExecutorService.invokeAll(SameThreadHierarchicalTestExecutorService.java:41)
	at org.junit.platform.engine.support.hierarchical.NodeTestTask.lambda$executeRecursively$6(NodeTestTask.java:155)
	at org.junit.platform.engine.support.hierarchical.ThrowableCollector.execute(ThrowableCollector.java:73)
	at org.junit.platform.engine.support.hierarchical.NodeTestTask.lambda$executeRecursively$8(NodeTestTask.java:141)
	at org.junit.platform.engine.support.hierarchical.Node.around(Node.java:137)
	at org.junit.platform.engine.support.hierarchical.NodeTestTask.lambda$executeRecursively$9(NodeTestTask.java:139)
	at org.junit.platform.engine.support.hierarchical.ThrowableCollector.execute(ThrowableCollector.java:73)
	at org.junit.platform.engine.support.hierarchical.NodeTestTask.executeRecursively(NodeTestTask.java:138)
	at org.junit.platform.engine.support.hierarchical.NodeTestTask.execute(NodeTestTask.java:95)
	at java.base/java.util.ArrayList.forEach(ArrayList.java:1541)
	at org.junit.platform.engine.support.hierarchical.SameThreadHierarchicalTestExecutorService.invokeAll(SameThreadHierarchicalTestExecutorService.java:41)
	at org.junit.platform.engine.support.hierarchical.NodeTestTask.lambda$executeRecursively$6(NodeTestTask.java:155)
	at org.junit.platform.engine.support.hierarchical.ThrowableCollector.execute(ThrowableCollector.java:73)
	at org.junit.platform.engine.support.hierarchical.NodeTestTask.lambda$executeRecursively$8(NodeTestTask.java:141)
	at org.junit.platform.engine.support.hierarchical.Node.around(Node.java:137)
	at org.junit.platform.engine.support.hierarchical.NodeTestTask.lambda$executeRecursively$9(NodeTestTask.java:139)
	at org.junit.platform.engine.support.hierarchical.ThrowableCollector.execute(ThrowableCollector.java:73)
	at org.junit.platform.engine.support.hierarchical.NodeTestTask.executeRecursively(NodeTestTask.java:138)
	at org.junit.platform.engine.support.hierarchical.NodeTestTask.execute(NodeTestTask.java:95)
	at org.junit.platform.engine.support.hierarchical.SameThreadHierarchicalTestExecutorService.submit(SameThreadHierarchicalTestExecutorService.java:35)
	at org.junit.platform.engine.support.hierarchical.HierarchicalTestExecutor.execute(HierarchicalTestExecutor.java:57)
	at org.junit.platform.engine.support.hierarchical.HierarchicalTestEngine.execute(HierarchicalTestEngine.java:54)
	at org.junit.platform.launcher.core.EngineExecutionOrchestrator.execute(EngineExecutionOrchestrator.java:147)
	at org.junit.platform.launcher.core.EngineExecutionOrchestrator.execute(EngineExecutionOrchestrator.java:127)
	at org.junit.platform.launcher.core.EngineExecutionOrchestrator.execute(EngineExecutionOrchestrator.java:90)
	at org.junit.platform.launcher.core.EngineExecutionOrchestrator.lambda$execute$0(EngineExecutionOrchestrator.java:55)
	at org.junit.platform.launcher.core.EngineExecutionOrchestrator.withInterceptedStreams(EngineExecutionOrchestrator.java:102)
	at org.junit.platform.launcher.core.EngineExecutionOrchestrator.execute(EngineExecutionOrchestrator.java:54)
	at org.junit.platform.launcher.core.DefaultLauncher.execute(DefaultLauncher.java:114)
	at org.junit.platform.launcher.core.DefaultLauncher.execute(DefaultLauncher.java:86)
	at org.junit.platform.launcher.core.DefaultLauncherSession$DelegatingLauncher.execute(DefaultLauncherSession.java:86)
	at org.junit.platform.launcher.core.SessionPerRequestLauncher.execute(SessionPerRequestLauncher.java:53)
	at org.gradle.api.internal.tasks.testing.junitplatform.JUnitPlatformTestClassProcessor$CollectAllTestClassesExecutor.processAllTestClasses(JUnitPlatformTestClassProcessor.java:99)
	at org.gradle.api.internal.tasks.testing.junitplatform.JUnitPlatformTestClassProcessor$CollectAllTestClassesExecutor.access$000(JUnitPlatformTestClassProcessor.java:79)
	at org.gradle.api.internal.tasks.testing.junitplatform.JUnitPlatformTestClassProcessor.stop(JUnitPlatformTestClassProcessor.java:75)
	at org.gradle.api.internal.tasks.testing.SuiteTestClassProcessor.stop(SuiteTestClassProcessor.java:61)
	at java.base/jdk.internal.reflect.NativeMethodAccessorImpl.invoke0(Native Method)
	at java.base/jdk.internal.reflect.NativeMethodAccessorImpl.invoke(NativeMethodAccessorImpl.java:62)
	at java.base/jdk.internal.reflect.DelegatingMethodAccessorImpl.invoke(DelegatingMethodAccessorImpl.java:43)
	at java.base/java.lang.reflect.Method.invoke(Method.java:566)
	at org.gradle.internal.dispatch.ReflectionDispatch.dispatch(ReflectionDispatch.java:36)
	at org.gradle.internal.dispatch.ReflectionDispatch.dispatch(ReflectionDispatch.java:24)
	at org.gradle.internal.dispatch.ContextClassLoaderDispatch.dispatch(ContextClassLoaderDispatch.java:33)
	at org.gradle.internal.dispatch.ProxyDispatchAdapter$DispatchingInvocationHandler.invoke(ProxyDispatchAdapter.java:94)
	at com.sun.proxy.$Proxy2.stop(Unknown Source)
	at org.gradle.api.internal.tasks.testing.worker.TestWorker$3.run(TestWorker.java:193)
	at org.gradle.api.internal.tasks.testing.worker.TestWorker.executeAndMaintainThreadName(TestWorker.java:129)
	at org.gradle.api.internal.tasks.testing.worker.TestWorker.execute(TestWorker.java:100)
	at org.gradle.api.internal.tasks.testing.worker.TestWorker.execute(TestWorker.java:60)
	at org.gradle.process.internal.worker.child.ActionExecutionWorker.execute(ActionExecutionWorker.java:56)
	at org.gradle.process.internal.worker.child.SystemApplicationClassLoaderWorker.call(SystemApplicationClassLoaderWorker.java:133)
	at org.gradle.process.internal.worker.child.SystemApplicationClassLoaderWorker.call(SystemApplicationClassLoaderWorker.java:71)
	at worker.org.gradle.process.internal.worker.GradleWorkerMain.run(GradleWorkerMain.java:69)
	at worker.org.gradle.process.internal.worker.GradleWorkerMain.main(GradleWorkerMain.java:74)

[Test worker] ERROR io.qameta.allure.AllureLifecycle - Could not update test case: test case with uuid dc417ec2-b10a-4fe5-a94d-d7135e309dcb not found
[Test worker] ERROR io.qameta.allure.AllureLifecycle - Could not stop test case: test case with uuid dc417ec2-b10a-4fe5-a94d-d7135e309dcb not found
[Test worker] ERROR io.qameta.allure.AllureLifecycle - Could not write test case: test case with uuid dc417ec2-b10a-4fe5-a94d-d7135e309dcb not found
авг. 12, 2023 11:11:42 AM org.junit.platform.launcher.core.CompositeTestExecutionListener lambda$notifyEach$19
WARNING: TestExecutionListener [io.qameta.allure.junitplatform.AllureJunitPlatform] threw exception for method: executionFinished(TestIdentifier [uniqueId = [engine:junit-jupiter]/[class:ru.netology.test.YearFieldTest]/[method:zeroDigitInYearField()], parentId = [engine:junit-jupiter]/[class:ru.netology.test.YearFieldTest], displayName = 'Notification if 'Zero'', legacyReportingName = 'zeroDigitInYearField()', source = MethodSource [className = 'ru.netology.test.YearFieldTest', methodName = 'zeroDigitInYearField', methodParameterTypes = ''], tags = [], type = TEST], TestExecutionResult [status = SUCCESSFUL, throwable = null])
java.lang.NoSuchMethodError: 'io.qameta.allure.model.TestResultContainer io.qameta.allure.model.TestResultContainer.setChildren(java.util.Collection)'
	at io.qameta.allure.junitplatform.AllureJunitPlatform.lambda$stopTestContainer$3(AllureJunitPlatform.java:301)
	at io.qameta.allure.AllureLifecycle.updateTestContainer(AllureLifecycle.java:136)
	at io.qameta.allure.junitplatform.AllureJunitPlatform.stopTestContainer(AllureJunitPlatform.java:301)
	at io.qameta.allure.junitplatform.AllureJunitPlatform.executionFinished(AllureJunitPlatform.java:171)
	at org.junit.platform.launcher.core.CompositeTestExecutionListener.lambda$executionFinished$10(CompositeTestExecutionListener.java:69)
	at org.junit.platform.launcher.core.CompositeTestExecutionListener.lambda$notifyEach$19(CompositeTestExecutionListener.java:95)
	at java.base/java.util.ArrayList.forEach(ArrayList.java:1541)
	at org.junit.platform.launcher.core.CompositeTestExecutionListener.notifyEach(CompositeTestExecutionListener.java:93)
	at org.junit.platform.launcher.core.CompositeTestExecutionListener.executionFinished(CompositeTestExecutionListener.java:69)
	at org.junit.platform.launcher.core.ExecutionListenerAdapter.executionFinished(ExecutionListenerAdapter.java:56)
	at org.junit.platform.launcher.core.CompositeEngineExecutionListener.lambda$executionFinished$6(CompositeEngineExecutionListener.java:57)
	at org.junit.platform.launcher.core.CompositeEngineExecutionListener.lambda$notifyEach$11(CompositeEngineExecutionListener.java:71)
	at java.base/java.util.ArrayList.forEach(ArrayList.java:1541)
	at org.junit.platform.launcher.core.CompositeEngineExecutionListener.notifyEach(CompositeEngineExecutionListener.java:69)
	at org.junit.platform.launcher.core.CompositeEngineExecutionListener.executionFinished(CompositeEngineExecutionListener.java:56)
	at org.junit.platform.launcher.core.DelegatingEngineExecutionListener.executionFinished(DelegatingEngineExecutionListener.java:46)
	at org.junit.platform.launcher.core.OutcomeDelayingEngineExecutionListener.executionFinished(OutcomeDelayingEngineExecutionListener.java:63)
	at org.junit.platform.engine.support.hierarchical.NodeTestTask.reportCompletion(NodeTestTask.java:195)
	at org.junit.platform.engine.support.hierarchical.NodeTestTask.execute(NodeTestTask.java:100)
	at java.base/java.util.ArrayList.forEach(ArrayList.java:1541)
	at org.junit.platform.engine.support.hierarchical.SameThreadHierarchicalTestExecutorService.invokeAll(SameThreadHierarchicalTestExecutorService.java:41)
	at org.junit.platform.engine.support.hierarchical.NodeTestTask.lambda$executeRecursively$6(NodeTestTask.java:155)
	at org.junit.platform.engine.support.hierarchical.ThrowableCollector.execute(ThrowableCollector.java:73)
	at org.junit.platform.engine.support.hierarchical.NodeTestTask.lambda$executeRecursively$8(NodeTestTask.java:141)
	at org.junit.platform.engine.support.hierarchical.Node.around(Node.java:137)
	at org.junit.platform.engine.support.hierarchical.NodeTestTask.lambda$executeRecursively$9(NodeTestTask.java:139)
	at org.junit.platform.engine.support.hierarchical.ThrowableCollector.execute(ThrowableCollector.java:73)
	at org.junit.platform.engine.support.hierarchical.NodeTestTask.executeRecursively(NodeTestTask.java:138)
	at org.junit.platform.engine.support.hierarchical.NodeTestTask.execute(NodeTestTask.java:95)
	at java.base/java.util.ArrayList.forEach(ArrayList.java:1541)
	at org.junit.platform.engine.support.hierarchical.SameThreadHierarchicalTestExecutorService.invokeAll(SameThreadHierarchicalTestExecutorService.java:41)
	at org.junit.platform.engine.support.hierarchical.NodeTestTask.lambda$executeRecursively$6(NodeTestTask.java:155)
	at org.junit.platform.engine.support.hierarchical.ThrowableCollector.execute(ThrowableCollector.java:73)
	at org.junit.platform.engine.support.hierarchical.NodeTestTask.lambda$executeRecursively$8(NodeTestTask.java:141)
	at org.junit.platform.engine.support.hierarchical.Node.around(Node.java:137)
	at org.junit.platform.engine.support.hierarchical.NodeTestTask.lambda$executeRecursively$9(NodeTestTask.java:139)
	at org.junit.platform.engine.support.hierarchical.ThrowableCollector.execute(ThrowableCollector.java:73)
	at org.junit.platform.engine.support.hierarchical.NodeTestTask.executeRecursively(NodeTestTask.java:138)
	at org.junit.platform.engine.support.hierarchical.NodeTestTask.execute(NodeTestTask.java:95)
	at org.junit.platform.engine.support.hierarchical.SameThreadHierarchicalTestExecutorService.submit(SameThreadHierarchicalTestExecutorService.java:35)
	at org.junit.platform.engine.support.hierarchical.HierarchicalTestExecutor.execute(HierarchicalTestExecutor.java:57)
	at org.junit.platform.engine.support.hierarchical.HierarchicalTestEngine.execute(HierarchicalTestEngine.java:54)
	at org.junit.platform.launcher.core.EngineExecutionOrchestrator.execute(EngineExecutionOrchestrator.java:147)
	at org.junit.platform.launcher.core.EngineExecutionOrchestrator.execute(EngineExecutionOrchestrator.java:127)
	at org.junit.platform.launcher.core.EngineExecutionOrchestrator.execute(EngineExecutionOrchestrator.java:90)
	at org.junit.platform.launcher.core.EngineExecutionOrchestrator.lambda$execute$0(EngineExecutionOrchestrator.java:55)
	at org.junit.platform.launcher.core.EngineExecutionOrchestrator.withInterceptedStreams(EngineExecutionOrchestrator.java:102)
	at org.junit.platform.launcher.core.EngineExecutionOrchestrator.execute(EngineExecutionOrchestrator.java:54)
	at org.junit.platform.launcher.core.DefaultLauncher.execute(DefaultLauncher.java:114)
	at org.junit.platform.launcher.core.DefaultLauncher.execute(DefaultLauncher.java:86)
	at org.junit.platform.launcher.core.DefaultLauncherSession$DelegatingLauncher.execute(DefaultLauncherSession.java:86)
	at org.junit.platform.launcher.core.SessionPerRequestLauncher.execute(SessionPerRequestLauncher.java:53)
	at org.gradle.api.internal.tasks.testing.junitplatform.JUnitPlatformTestClassProcessor$CollectAllTestClassesExecutor.processAllTestClasses(JUnitPlatformTestClassProcessor.java:99)
	at org.gradle.api.internal.tasks.testing.junitplatform.JUnitPlatformTestClassProcessor$CollectAllTestClassesExecutor.access$000(JUnitPlatformTestClassProcessor.java:79)
	at org.gradle.api.internal.tasks.testing.junitplatform.JUnitPlatformTestClassProcessor.stop(JUnitPlatformTestClassProcessor.java:75)
	at org.gradle.api.internal.tasks.testing.SuiteTestClassProcessor.stop(SuiteTestClassProcessor.java:61)
	at java.base/jdk.internal.reflect.NativeMethodAccessorImpl.invoke0(Native Method)
	at java.base/jdk.internal.reflect.NativeMethodAccessorImpl.invoke(NativeMethodAccessorImpl.java:62)
	at java.base/jdk.internal.reflect.DelegatingMethodAccessorImpl.invoke(DelegatingMethodAccessorImpl.java:43)
	at java.base/java.lang.reflect.Method.invoke(Method.java:566)
	at org.gradle.internal.dispatch.ReflectionDispatch.dispatch(ReflectionDispatch.java:36)
	at org.gradle.internal.dispatch.ReflectionDispatch.dispatch(ReflectionDispatch.java:24)
	at org.gradle.internal.dispatch.ContextClassLoaderDispatch.dispatch(ContextClassLoaderDispatch.java:33)
	at org.gradle.internal.dispatch.ProxyDispatchAdapter$DispatchingInvocationHandler.invoke(ProxyDispatchAdapter.java:94)
	at com.sun.proxy.$Proxy2.stop(Unknown Source)
	at org.gradle.api.internal.tasks.testing.worker.TestWorker$3.run(TestWorker.java:193)
	at org.gradle.api.internal.tasks.testing.worker.TestWorker.executeAndMaintainThreadName(TestWorker.java:129)
	at org.gradle.api.internal.tasks.testing.worker.TestWorker.execute(TestWorker.java:100)
	at org.gradle.api.internal.tasks.testing.worker.TestWorker.execute(TestWorker.java:60)
	at org.gradle.process.internal.worker.child.ActionExecutionWorker.execute(ActionExecutionWorker.java:56)
	at org.gradle.process.internal.worker.child.SystemApplicationClassLoaderWorker.call(SystemApplicationClassLoaderWorker.java:133)
	at org.gradle.process.internal.worker.child.SystemApplicationClassLoaderWorker.call(SystemApplicationClassLoaderWorker.java:71)
	at worker.org.gradle.process.internal.worker.GradleWorkerMain.run(GradleWorkerMain.java:69)
	at worker.org.gradle.process.internal.worker.GradleWorkerMain.main(GradleWorkerMain.java:74)

авг. 12, 2023 11:11:42 AM org.junit.platform.launcher.core.CompositeTestExecutionListener lambda$notifyEach$19
WARNING: TestExecutionListener [io.qameta.allure.junitplatform.AllureJunitPlatform] threw exception for method: executionStarted(TestIdentifier [uniqueId = [engine:junit-jupiter]/[class:ru.netology.test.YearFieldTest]/[method:pastDateInYearFieldAndCurrentDateInMonthField()], parentId = [engine:junit-jupiter]/[class:ru.netology.test.YearFieldTest], displayName = 'Past year and current month', legacyReportingName = 'pastDateInYearFieldAndCurrentDateInMonthField()', source = MethodSource [className = 'ru.netology.test.YearFieldTest', methodName = 'pastDateInYearFieldAndCurrentDateInMonthField', methodParameterTypes = ''], tags = [], type = TEST])
java.lang.NoSuchMethodError: 'void io.qameta.allure.util.ResultsUtils.processDescription(java.lang.ClassLoader, java.lang.reflect.Method, io.qameta.allure.model.ExecutableItem)'
	at io.qameta.allure.junitplatform.AllureJunitPlatform.lambda$startTestCase$7(AllureJunitPlatform.java:412)
	at java.base/java.util.Optional.ifPresent(Optional.java:183)
	at io.qameta.allure.junitplatform.AllureJunitPlatform.startTestCase(AllureJunitPlatform.java:412)
	at io.qameta.allure.junitplatform.AllureJunitPlatform.executionStarted(AllureJunitPlatform.java:148)
	at org.junit.platform.launcher.core.CompositeTestExecutionListener.lambda$executionStarted$6(CompositeTestExecutionListener.java:60)
	at org.junit.platform.launcher.core.CompositeTestExecutionListener.lambda$notifyEach$19(CompositeTestExecutionListener.java:95)
	at java.base/java.util.ArrayList.forEach(ArrayList.java:1541)
	at org.junit.platform.launcher.core.CompositeTestExecutionListener.notifyEach(CompositeTestExecutionListener.java:93)
	at org.junit.platform.launcher.core.CompositeTestExecutionListener.executionStarted(CompositeTestExecutionListener.java:60)
	at org.junit.platform.launcher.core.ExecutionListenerAdapter.executionStarted(ExecutionListenerAdapter.java:46)
	at org.junit.platform.launcher.core.CompositeEngineExecutionListener.lambda$executionStarted$4(CompositeEngineExecutionListener.java:50)
	at org.junit.platform.launcher.core.CompositeEngineExecutionListener.lambda$notifyEach$11(CompositeEngineExecutionListener.java:71)
	at java.base/java.util.ArrayList.forEach(ArrayList.java:1541)
	at org.junit.platform.launcher.core.CompositeEngineExecutionListener.notifyEach(CompositeEngineExecutionListener.java:69)
	at org.junit.platform.launcher.core.CompositeEngineExecutionListener.executionStarted(CompositeEngineExecutionListener.java:50)
	at org.junit.platform.launcher.core.DelegatingEngineExecutionListener.executionStarted(DelegatingEngineExecutionListener.java:41)
	at org.junit.platform.launcher.core.OutcomeDelayingEngineExecutionListener.executionStarted(OutcomeDelayingEngineExecutionListener.java:53)
	at org.junit.platform.engine.support.hierarchical.NodeTestTask.executeRecursively(NodeTestTask.java:135)
	at org.junit.platform.engine.support.hierarchical.NodeTestTask.execute(NodeTestTask.java:95)
	at java.base/java.util.ArrayList.forEach(ArrayList.java:1541)
	at org.junit.platform.engine.support.hierarchical.SameThreadHierarchicalTestExecutorService.invokeAll(SameThreadHierarchicalTestExecutorService.java:41)
	at org.junit.platform.engine.support.hierarchical.NodeTestTask.lambda$executeRecursively$6(NodeTestTask.java:155)
	at org.junit.platform.engine.support.hierarchical.ThrowableCollector.execute(ThrowableCollector.java:73)
	at org.junit.platform.engine.support.hierarchical.NodeTestTask.lambda$executeRecursively$8(NodeTestTask.java:141)
	at org.junit.platform.engine.support.hierarchical.Node.around(Node.java:137)
	at org.junit.platform.engine.support.hierarchical.NodeTestTask.lambda$executeRecursively$9(NodeTestTask.java:139)
	at org.junit.platform.engine.support.hierarchical.ThrowableCollector.execute(ThrowableCollector.java:73)
	at org.junit.platform.engine.support.hierarchical.NodeTestTask.executeRecursively(NodeTestTask.java:138)
	at org.junit.platform.engine.support.hierarchical.NodeTestTask.execute(NodeTestTask.java:95)
	at java.base/java.util.ArrayList.forEach(ArrayList.java:1541)
	at org.junit.platform.engine.support.hierarchical.SameThreadHierarchicalTestExecutorService.invokeAll(SameThreadHierarchicalTestExecutorService.java:41)
	at org.junit.platform.engine.support.hierarchical.NodeTestTask.lambda$executeRecursively$6(NodeTestTask.java:155)
	at org.junit.platform.engine.support.hierarchical.ThrowableCollector.execute(ThrowableCollector.java:73)
	at org.junit.platform.engine.support.hierarchical.NodeTestTask.lambda$executeRecursively$8(NodeTestTask.java:141)
	at org.junit.platform.engine.support.hierarchical.Node.around(Node.java:137)
	at org.junit.platform.engine.support.hierarchical.NodeTestTask.lambda$executeRecursively$9(NodeTestTask.java:139)
	at org.junit.platform.engine.support.hierarchical.ThrowableCollector.execute(ThrowableCollector.java:73)
	at org.junit.platform.engine.support.hierarchical.NodeTestTask.executeRecursively(NodeTestTask.java:138)
	at org.junit.platform.engine.support.hierarchical.NodeTestTask.execute(NodeTestTask.java:95)
	at org.junit.platform.engine.support.hierarchical.SameThreadHierarchicalTestExecutorService.submit(SameThreadHierarchicalTestExecutorService.java:35)
	at org.junit.platform.engine.support.hierarchical.HierarchicalTestExecutor.execute(HierarchicalTestExecutor.java:57)
	at org.junit.platform.engine.support.hierarchical.HierarchicalTestEngine.execute(HierarchicalTestEngine.java:54)
	at org.junit.platform.launcher.core.EngineExecutionOrchestrator.execute(EngineExecutionOrchestrator.java:147)
	at org.junit.platform.launcher.core.EngineExecutionOrchestrator.execute(EngineExecutionOrchestrator.java:127)
	at org.junit.platform.launcher.core.EngineExecutionOrchestrator.execute(EngineExecutionOrchestrator.java:90)
	at org.junit.platform.launcher.core.EngineExecutionOrchestrator.lambda$execute$0(EngineExecutionOrchestrator.java:55)
	at org.junit.platform.launcher.core.EngineExecutionOrchestrator.withInterceptedStreams(EngineExecutionOrchestrator.java:102)
	at org.junit.platform.launcher.core.EngineExecutionOrchestrator.execute(EngineExecutionOrchestrator.java:54)
	at org.junit.platform.launcher.core.DefaultLauncher.execute(DefaultLauncher.java:114)
	at org.junit.platform.launcher.core.DefaultLauncher.execute(DefaultLauncher.java:86)
	at org.junit.platform.launcher.core.DefaultLauncherSession$DelegatingLauncher.execute(DefaultLauncherSession.java:86)
	at org.junit.platform.launcher.core.SessionPerRequestLauncher.execute(SessionPerRequestLauncher.java:53)
	at org.gradle.api.internal.tasks.testing.junitplatform.JUnitPlatformTestClassProcessor$CollectAllTestClassesExecutor.processAllTestClasses(JUnitPlatformTestClassProcessor.java:99)
	at org.gradle.api.internal.tasks.testing.junitplatform.JUnitPlatformTestClassProcessor$CollectAllTestClassesExecutor.access$000(JUnitPlatformTestClassProcessor.java:79)
	at org.gradle.api.internal.tasks.testing.junitplatform.JUnitPlatformTestClassProcessor.stop(JUnitPlatformTestClassProcessor.java:75)
	at org.gradle.api.internal.tasks.testing.SuiteTestClassProcessor.stop(SuiteTestClassProcessor.java:61)
	at java.base/jdk.internal.reflect.NativeMethodAccessorImpl.invoke0(Native Method)
	at java.base/jdk.internal.reflect.NativeMethodAccessorImpl.invoke(NativeMethodAccessorImpl.java:62)
	at java.base/jdk.internal.reflect.DelegatingMethodAccessorImpl.invoke(DelegatingMethodAccessorImpl.java:43)
	at java.base/java.lang.reflect.Method.invoke(Method.java:566)
	at org.gradle.internal.dispatch.ReflectionDispatch.dispatch(ReflectionDispatch.java:36)
	at org.gradle.internal.dispatch.ReflectionDispatch.dispatch(ReflectionDispatch.java:24)
	at org.gradle.internal.dispatch.ContextClassLoaderDispatch.dispatch(ContextClassLoaderDispatch.java:33)
	at org.gradle.internal.dispatch.ProxyDispatchAdapter$DispatchingInvocationHandler.invoke(ProxyDispatchAdapter.java:94)
	at com.sun.proxy.$Proxy2.stop(Unknown Source)
	at org.gradle.api.internal.tasks.testing.worker.TestWorker$3.run(TestWorker.java:193)
	at org.gradle.api.internal.tasks.testing.worker.TestWorker.executeAndMaintainThreadName(TestWorker.java:129)
	at org.gradle.api.internal.tasks.testing.worker.TestWorker.execute(TestWorker.java:100)
	at org.gradle.api.internal.tasks.testing.worker.TestWorker.execute(TestWorker.java:60)
	at org.gradle.process.internal.worker.child.ActionExecutionWorker.execute(ActionExecutionWorker.java:56)
	at org.gradle.process.internal.worker.child.SystemApplicationClassLoaderWorker.call(SystemApplicationClassLoaderWorker.java:133)
	at org.gradle.process.internal.worker.child.SystemApplicationClassLoaderWorker.call(SystemApplicationClassLoaderWorker.java:71)
	at worker.org.gradle.process.internal.worker.GradleWorkerMain.run(GradleWorkerMain.java:69)
	at worker.org.gradle.process.internal.worker.GradleWorkerMain.main(GradleWorkerMain.java:74)

[Test worker] ERROR io.qameta.allure.AllureLifecycle - Could not update test case: test case with uuid 7845f213-eb84-47ea-bbd7-794d5ac11a8d not found
[Test worker] ERROR io.qameta.allure.AllureLifecycle - Could not stop test case: test case with uuid 7845f213-eb84-47ea-bbd7-794d5ac11a8d not found
[Test worker] ERROR io.qameta.allure.AllureLifecycle - Could not write test case: test case with uuid 7845f213-eb84-47ea-bbd7-794d5ac11a8d not found
авг. 12, 2023 11:11:42 AM org.junit.platform.launcher.core.CompositeTestExecutionListener lambda$notifyEach$19
WARNING: TestExecutionListener [io.qameta.allure.junitplatform.AllureJunitPlatform] threw exception for method: executionFinished(TestIdentifier [uniqueId = [engine:junit-jupiter]/[class:ru.netology.test.YearFieldTest]/[method:pastDateInYearFieldAndCurrentDateInMonthField()], parentId = [engine:junit-jupiter]/[class:ru.netology.test.YearFieldTest], displayName = 'Past year and current month', legacyReportingName = 'pastDateInYearFieldAndCurrentDateInMonthField()', source = MethodSource [className = 'ru.netology.test.YearFieldTest', methodName = 'pastDateInYearFieldAndCurrentDateInMonthField', methodParameterTypes = ''], tags = [], type = TEST], TestExecutionResult [status = SUCCESSFUL, throwable = null])
java.lang.NoSuchMethodError: 'io.qameta.allure.model.TestResultContainer io.qameta.allure.model.TestResultContainer.setChildren(java.util.Collection)'
	at io.qameta.allure.junitplatform.AllureJunitPlatform.lambda$stopTestContainer$3(AllureJunitPlatform.java:301)
	at io.qameta.allure.AllureLifecycle.updateTestContainer(AllureLifecycle.java:136)
	at io.qameta.allure.junitplatform.AllureJunitPlatform.stopTestContainer(AllureJunitPlatform.java:301)
	at io.qameta.allure.junitplatform.AllureJunitPlatform.executionFinished(AllureJunitPlatform.java:171)
	at org.junit.platform.launcher.core.CompositeTestExecutionListener.lambda$executionFinished$10(CompositeTestExecutionListener.java:69)
	at org.junit.platform.launcher.core.CompositeTestExecutionListener.lambda$notifyEach$19(CompositeTestExecutionListener.java:95)
	at java.base/java.util.ArrayList.forEach(ArrayList.java:1541)
	at org.junit.platform.launcher.core.CompositeTestExecutionListener.notifyEach(CompositeTestExecutionListener.java:93)
	at org.junit.platform.launcher.core.CompositeTestExecutionListener.executionFinished(CompositeTestExecutionListener.java:69)
	at org.junit.platform.launcher.core.ExecutionListenerAdapter.executionFinished(ExecutionListenerAdapter.java:56)
	at org.junit.platform.launcher.core.CompositeEngineExecutionListener.lambda$executionFinished$6(CompositeEngineExecutionListener.java:57)
	at org.junit.platform.launcher.core.CompositeEngineExecutionListener.lambda$notifyEach$11(CompositeEngineExecutionListener.java:71)
	at java.base/java.util.ArrayList.forEach(ArrayList.java:1541)
	at org.junit.platform.launcher.core.CompositeEngineExecutionListener.notifyEach(CompositeEngineExecutionListener.java:69)
	at org.junit.platform.launcher.core.CompositeEngineExecutionListener.executionFinished(CompositeEngineExecutionListener.java:56)
	at org.junit.platform.launcher.core.DelegatingEngineExecutionListener.executionFinished(DelegatingEngineExecutionListener.java:46)
	at org.junit.platform.launcher.core.OutcomeDelayingEngineExecutionListener.executionFinished(OutcomeDelayingEngineExecutionListener.java:63)
	at org.junit.platform.engine.support.hierarchical.NodeTestTask.reportCompletion(NodeTestTask.java:195)
	at org.junit.platform.engine.support.hierarchical.NodeTestTask.execute(NodeTestTask.java:100)
	at java.base/java.util.ArrayList.forEach(ArrayList.java:1541)
	at org.junit.platform.engine.support.hierarchical.SameThreadHierarchicalTestExecutorService.invokeAll(SameThreadHierarchicalTestExecutorService.java:41)
	at org.junit.platform.engine.support.hierarchical.NodeTestTask.lambda$executeRecursively$6(NodeTestTask.java:155)
	at org.junit.platform.engine.support.hierarchical.ThrowableCollector.execute(ThrowableCollector.java:73)
	at org.junit.platform.engine.support.hierarchical.NodeTestTask.lambda$executeRecursively$8(NodeTestTask.java:141)
	at org.junit.platform.engine.support.hierarchical.Node.around(Node.java:137)
	at org.junit.platform.engine.support.hierarchical.NodeTestTask.lambda$executeRecursively$9(NodeTestTask.java:139)
	at org.junit.platform.engine.support.hierarchical.ThrowableCollector.execute(ThrowableCollector.java:73)
	at org.junit.platform.engine.support.hierarchical.NodeTestTask.executeRecursively(NodeTestTask.java:138)
	at org.junit.platform.engine.support.hierarchical.NodeTestTask.execute(NodeTestTask.java:95)
	at java.base/java.util.ArrayList.forEach(ArrayList.java:1541)
	at org.junit.platform.engine.support.hierarchical.SameThreadHierarchicalTestExecutorService.invokeAll(SameThreadHierarchicalTestExecutorService.java:41)
	at org.junit.platform.engine.support.hierarchical.NodeTestTask.lambda$executeRecursively$6(NodeTestTask.java:155)
	at org.junit.platform.engine.support.hierarchical.ThrowableCollector.execute(ThrowableCollector.java:73)
	at org.junit.platform.engine.support.hierarchical.NodeTestTask.lambda$executeRecursively$8(NodeTestTask.java:141)
	at org.junit.platform.engine.support.hierarchical.Node.around(Node.java:137)
	at org.junit.platform.engine.support.hierarchical.NodeTestTask.lambda$executeRecursively$9(NodeTestTask.java:139)
	at org.junit.platform.engine.support.hierarchical.ThrowableCollector.execute(ThrowableCollector.java:73)
	at org.junit.platform.engine.support.hierarchical.NodeTestTask.executeRecursively(NodeTestTask.java:138)
	at org.junit.platform.engine.support.hierarchical.NodeTestTask.execute(NodeTestTask.java:95)
	at org.junit.platform.engine.support.hierarchical.SameThreadHierarchicalTestExecutorService.submit(SameThreadHierarchicalTestExecutorService.java:35)
	at org.junit.platform.engine.support.hierarchical.HierarchicalTestExecutor.execute(HierarchicalTestExecutor.java:57)
	at org.junit.platform.engine.support.hierarchical.HierarchicalTestEngine.execute(HierarchicalTestEngine.java:54)
	at org.junit.platform.launcher.core.EngineExecutionOrchestrator.execute(EngineExecutionOrchestrator.java:147)
	at org.junit.platform.launcher.core.EngineExecutionOrchestrator.execute(EngineExecutionOrchestrator.java:127)
	at org.junit.platform.launcher.core.EngineExecutionOrchestrator.execute(EngineExecutionOrchestrator.java:90)
	at org.junit.platform.launcher.core.EngineExecutionOrchestrator.lambda$execute$0(EngineExecutionOrchestrator.java:55)
	at org.junit.platform.launcher.core.EngineExecutionOrchestrator.withInterceptedStreams(EngineExecutionOrchestrator.java:102)
	at org.junit.platform.launcher.core.EngineExecutionOrchestrator.execute(EngineExecutionOrchestrator.java:54)
	at org.junit.platform.launcher.core.DefaultLauncher.execute(DefaultLauncher.java:114)
	at org.junit.platform.launcher.core.DefaultLauncher.execute(DefaultLauncher.java:86)
	at org.junit.platform.launcher.core.DefaultLauncherSession$DelegatingLauncher.execute(DefaultLauncherSession.java:86)
	at org.junit.platform.launcher.core.SessionPerRequestLauncher.execute(SessionPerRequestLauncher.java:53)
	at org.gradle.api.internal.tasks.testing.junitplatform.JUnitPlatformTestClassProcessor$CollectAllTestClassesExecutor.processAllTestClasses(JUnitPlatformTestClassProcessor.java:99)
	at org.gradle.api.internal.tasks.testing.junitplatform.JUnitPlatformTestClassProcessor$CollectAllTestClassesExecutor.access$000(JUnitPlatformTestClassProcessor.java:79)
	at org.gradle.api.internal.tasks.testing.junitplatform.JUnitPlatformTestClassProcessor.stop(JUnitPlatformTestClassProcessor.java:75)
	at org.gradle.api.internal.tasks.testing.SuiteTestClassProcessor.stop(SuiteTestClassProcessor.java:61)
	at java.base/jdk.internal.reflect.NativeMethodAccessorImpl.invoke0(Native Method)
	at java.base/jdk.internal.reflect.NativeMethodAccessorImpl.invoke(NativeMethodAccessorImpl.java:62)
	at java.base/jdk.internal.reflect.DelegatingMethodAccessorImpl.invoke(DelegatingMethodAccessorImpl.java:43)
	at java.base/java.lang.reflect.Method.invoke(Method.java:566)
	at org.gradle.internal.dispatch.ReflectionDispatch.dispatch(ReflectionDispatch.java:36)
	at org.gradle.internal.dispatch.ReflectionDispatch.dispatch(ReflectionDispatch.java:24)
	at org.gradle.internal.dispatch.ContextClassLoaderDispatch.dispatch(ContextClassLoaderDispatch.java:33)
	at org.gradle.internal.dispatch.ProxyDispatchAdapter$DispatchingInvocationHandler.invoke(ProxyDispatchAdapter.java:94)
	at com.sun.proxy.$Proxy2.stop(Unknown Source)
	at org.gradle.api.internal.tasks.testing.worker.TestWorker$3.run(TestWorker.java:193)
	at org.gradle.api.internal.tasks.testing.worker.TestWorker.executeAndMaintainThreadName(TestWorker.java:129)
	at org.gradle.api.internal.tasks.testing.worker.TestWorker.execute(TestWorker.java:100)
	at org.gradle.api.internal.tasks.testing.worker.TestWorker.execute(TestWorker.java:60)
	at org.gradle.process.internal.worker.child.ActionExecutionWorker.execute(ActionExecutionWorker.java:56)
	at org.gradle.process.internal.worker.child.SystemApplicationClassLoaderWorker.call(SystemApplicationClassLoaderWorker.java:133)
	at org.gradle.process.internal.worker.child.SystemApplicationClassLoaderWorker.call(SystemApplicationClassLoaderWorker.java:71)
	at worker.org.gradle.process.internal.worker.GradleWorkerMain.run(GradleWorkerMain.java:69)
	at worker.org.gradle.process.internal.worker.GradleWorkerMain.main(GradleWorkerMain.java:74)

авг. 12, 2023 11:11:42 AM org.junit.platform.launcher.core.CompositeTestExecutionListener lambda$notifyEach$19
WARNING: TestExecutionListener [io.qameta.allure.junitplatform.AllureJunitPlatform] threw exception for method: executionStarted(TestIdentifier [uniqueId = [engine:junit-jupiter]/[class:ru.netology.test.YearFieldTest]/[method:badRandomDigitInYearField()], parentId = [engine:junit-jupiter]/[class:ru.netology.test.YearFieldTest], displayName = 'Notification if 'Year equals more than five years from now'', legacyReportingName = 'badRandomDigitInYearField()', source = MethodSource [className = 'ru.netology.test.YearFieldTest', methodName = 'badRandomDigitInYearField', methodParameterTypes = ''], tags = [], type = TEST])
java.lang.NoSuchMethodError: 'void io.qameta.allure.util.ResultsUtils.processDescription(java.lang.ClassLoader, java.lang.reflect.Method, io.qameta.allure.model.ExecutableItem)'
	at io.qameta.allure.junitplatform.AllureJunitPlatform.lambda$startTestCase$7(AllureJunitPlatform.java:412)
	at java.base/java.util.Optional.ifPresent(Optional.java:183)
	at io.qameta.allure.junitplatform.AllureJunitPlatform.startTestCase(AllureJunitPlatform.java:412)
	at io.qameta.allure.junitplatform.AllureJunitPlatform.executionStarted(AllureJunitPlatform.java:148)
	at org.junit.platform.launcher.core.CompositeTestExecutionListener.lambda$executionStarted$6(CompositeTestExecutionListener.java:60)
	at org.junit.platform.launcher.core.CompositeTestExecutionListener.lambda$notifyEach$19(CompositeTestExecutionListener.java:95)
	at java.base/java.util.ArrayList.forEach(ArrayList.java:1541)
	at org.junit.platform.launcher.core.CompositeTestExecutionListener.notifyEach(CompositeTestExecutionListener.java:93)
	at org.junit.platform.launcher.core.CompositeTestExecutionListener.executionStarted(CompositeTestExecutionListener.java:60)
	at org.junit.platform.launcher.core.ExecutionListenerAdapter.executionStarted(ExecutionListenerAdapter.java:46)
	at org.junit.platform.launcher.core.CompositeEngineExecutionListener.lambda$executionStarted$4(CompositeEngineExecutionListener.java:50)
	at org.junit.platform.launcher.core.CompositeEngineExecutionListener.lambda$notifyEach$11(CompositeEngineExecutionListener.java:71)
	at java.base/java.util.ArrayList.forEach(ArrayList.java:1541)
	at org.junit.platform.launcher.core.CompositeEngineExecutionListener.notifyEach(CompositeEngineExecutionListener.java:69)
	at org.junit.platform.launcher.core.CompositeEngineExecutionListener.executionStarted(CompositeEngineExecutionListener.java:50)
	at org.junit.platform.launcher.core.DelegatingEngineExecutionListener.executionStarted(DelegatingEngineExecutionListener.java:41)
	at org.junit.platform.launcher.core.OutcomeDelayingEngineExecutionListener.executionStarted(OutcomeDelayingEngineExecutionListener.java:53)
	at org.junit.platform.engine.support.hierarchical.NodeTestTask.executeRecursively(NodeTestTask.java:135)
	at org.junit.platform.engine.support.hierarchical.NodeTestTask.execute(NodeTestTask.java:95)
	at java.base/java.util.ArrayList.forEach(ArrayList.java:1541)
	at org.junit.platform.engine.support.hierarchical.SameThreadHierarchicalTestExecutorService.invokeAll(SameThreadHierarchicalTestExecutorService.java:41)
	at org.junit.platform.engine.support.hierarchical.NodeTestTask.lambda$executeRecursively$6(NodeTestTask.java:155)
	at org.junit.platform.engine.support.hierarchical.ThrowableCollector.execute(ThrowableCollector.java:73)
	at org.junit.platform.engine.support.hierarchical.NodeTestTask.lambda$executeRecursively$8(NodeTestTask.java:141)
	at org.junit.platform.engine.support.hierarchical.Node.around(Node.java:137)
	at org.junit.platform.engine.support.hierarchical.NodeTestTask.lambda$executeRecursively$9(NodeTestTask.java:139)
	at org.junit.platform.engine.support.hierarchical.ThrowableCollector.execute(ThrowableCollector.java:73)
	at org.junit.platform.engine.support.hierarchical.NodeTestTask.executeRecursively(NodeTestTask.java:138)
	at org.junit.platform.engine.support.hierarchical.NodeTestTask.execute(NodeTestTask.java:95)
	at java.base/java.util.ArrayList.forEach(ArrayList.java:1541)
	at org.junit.platform.engine.support.hierarchical.SameThreadHierarchicalTestExecutorService.invokeAll(SameThreadHierarchicalTestExecutorService.java:41)
	at org.junit.platform.engine.support.hierarchical.NodeTestTask.lambda$executeRecursively$6(NodeTestTask.java:155)
	at org.junit.platform.engine.support.hierarchical.ThrowableCollector.execute(ThrowableCollector.java:73)
	at org.junit.platform.engine.support.hierarchical.NodeTestTask.lambda$executeRecursively$8(NodeTestTask.java:141)
	at org.junit.platform.engine.support.hierarchical.Node.around(Node.java:137)
	at org.junit.platform.engine.support.hierarchical.NodeTestTask.lambda$executeRecursively$9(NodeTestTask.java:139)
	at org.junit.platform.engine.support.hierarchical.ThrowableCollector.execute(ThrowableCollector.java:73)
	at org.junit.platform.engine.support.hierarchical.NodeTestTask.executeRecursively(NodeTestTask.java:138)
	at org.junit.platform.engine.support.hierarchical.NodeTestTask.execute(NodeTestTask.java:95)
	at org.junit.platform.engine.support.hierarchical.SameThreadHierarchicalTestExecutorService.submit(SameThreadHierarchicalTestExecutorService.java:35)
	at org.junit.platform.engine.support.hierarchical.HierarchicalTestExecutor.execute(HierarchicalTestExecutor.java:57)
	at org.junit.platform.engine.support.hierarchical.HierarchicalTestEngine.execute(HierarchicalTestEngine.java:54)
	at org.junit.platform.launcher.core.EngineExecutionOrchestrator.execute(EngineExecutionOrchestrator.java:147)
	at org.junit.platform.launcher.core.EngineExecutionOrchestrator.execute(EngineExecutionOrchestrator.java:127)
	at org.junit.platform.launcher.core.EngineExecutionOrchestrator.execute(EngineExecutionOrchestrator.java:90)
	at org.junit.platform.launcher.core.EngineExecutionOrchestrator.lambda$execute$0(EngineExecutionOrchestrator.java:55)
	at org.junit.platform.launcher.core.EngineExecutionOrchestrator.withInterceptedStreams(EngineExecutionOrchestrator.java:102)
	at org.junit.platform.launcher.core.EngineExecutionOrchestrator.execute(EngineExecutionOrchestrator.java:54)
	at org.junit.platform.launcher.core.DefaultLauncher.execute(DefaultLauncher.java:114)
	at org.junit.platform.launcher.core.DefaultLauncher.execute(DefaultLauncher.java:86)
	at org.junit.platform.launcher.core.DefaultLauncherSession$DelegatingLauncher.execute(DefaultLauncherSession.java:86)
	at org.junit.platform.launcher.core.SessionPerRequestLauncher.execute(SessionPerRequestLauncher.java:53)
	at org.gradle.api.internal.tasks.testing.junitplatform.JUnitPlatformTestClassProcessor$CollectAllTestClassesExecutor.processAllTestClasses(JUnitPlatformTestClassProcessor.java:99)
	at org.gradle.api.internal.tasks.testing.junitplatform.JUnitPlatformTestClassProcessor$CollectAllTestClassesExecutor.access$000(JUnitPlatformTestClassProcessor.java:79)
	at org.gradle.api.internal.tasks.testing.junitplatform.JUnitPlatformTestClassProcessor.stop(JUnitPlatformTestClassProcessor.java:75)
	at org.gradle.api.internal.tasks.testing.SuiteTestClassProcessor.stop(SuiteTestClassProcessor.java:61)
	at java.base/jdk.internal.reflect.NativeMethodAccessorImpl.invoke0(Native Method)
	at java.base/jdk.internal.reflect.NativeMethodAccessorImpl.invoke(NativeMethodAccessorImpl.java:62)
	at java.base/jdk.internal.reflect.DelegatingMethodAccessorImpl.invoke(DelegatingMethodAccessorImpl.java:43)
	at java.base/java.lang.reflect.Method.invoke(Method.java:566)
	at org.gradle.internal.dispatch.ReflectionDispatch.dispatch(ReflectionDispatch.java:36)
	at org.gradle.internal.dispatch.ReflectionDispatch.dispatch(ReflectionDispatch.java:24)
	at org.gradle.internal.dispatch.ContextClassLoaderDispatch.dispatch(ContextClassLoaderDispatch.java:33)
	at org.gradle.internal.dispatch.ProxyDispatchAdapter$DispatchingInvocationHandler.invoke(ProxyDispatchAdapter.java:94)
	at com.sun.proxy.$Proxy2.stop(Unknown Source)
	at org.gradle.api.internal.tasks.testing.worker.TestWorker$3.run(TestWorker.java:193)
	at org.gradle.api.internal.tasks.testing.worker.TestWorker.executeAndMaintainThreadName(TestWorker.java:129)
	at org.gradle.api.internal.tasks.testing.worker.TestWorker.execute(TestWorker.java:100)
	at org.gradle.api.internal.tasks.testing.worker.TestWorker.execute(TestWorker.java:60)
	at org.gradle.process.internal.worker.child.ActionExecutionWorker.execute(ActionExecutionWorker.java:56)
	at org.gradle.process.internal.worker.child.SystemApplicationClassLoaderWorker.call(SystemApplicationClassLoaderWorker.java:133)
	at org.gradle.process.internal.worker.child.SystemApplicationClassLoaderWorker.call(SystemApplicationClassLoaderWorker.java:71)
	at worker.org.gradle.process.internal.worker.GradleWorkerMain.run(GradleWorkerMain.java:69)
	at worker.org.gradle.process.internal.worker.GradleWorkerMain.main(GradleWorkerMain.java:74)

[Test worker] ERROR io.qameta.allure.AllureLifecycle - Could not update test case: test case with uuid b15331f8-c76e-48e7-b948-41a97e4b8665 not found
[Test worker] ERROR io.qameta.allure.AllureLifecycle - Could not stop test case: test case with uuid b15331f8-c76e-48e7-b948-41a97e4b8665 not found
[Test worker] ERROR io.qameta.allure.AllureLifecycle - Could not write test case: test case with uuid b15331f8-c76e-48e7-b948-41a97e4b8665 not found
авг. 12, 2023 11:11:43 AM org.junit.platform.launcher.core.CompositeTestExecutionListener lambda$notifyEach$19
WARNING: TestExecutionListener [io.qameta.allure.junitplatform.AllureJunitPlatform] threw exception for method: executionFinished(TestIdentifier [uniqueId = [engine:junit-jupiter]/[class:ru.netology.test.YearFieldTest]/[method:badRandomDigitInYearField()], parentId = [engine:junit-jupiter]/[class:ru.netology.test.YearFieldTest], displayName = 'Notification if 'Year equals more than five years from now'', legacyReportingName = 'badRandomDigitInYearField()', source = MethodSource [className = 'ru.netology.test.YearFieldTest', methodName = 'badRandomDigitInYearField', methodParameterTypes = ''], tags = [], type = TEST], TestExecutionResult [status = SUCCESSFUL, throwable = null])
java.lang.NoSuchMethodError: 'io.qameta.allure.model.TestResultContainer io.qameta.allure.model.TestResultContainer.setChildren(java.util.Collection)'
	at io.qameta.allure.junitplatform.AllureJunitPlatform.lambda$stopTestContainer$3(AllureJunitPlatform.java:301)
	at io.qameta.allure.AllureLifecycle.updateTestContainer(AllureLifecycle.java:136)
	at io.qameta.allure.junitplatform.AllureJunitPlatform.stopTestContainer(AllureJunitPlatform.java:301)
	at io.qameta.allure.junitplatform.AllureJunitPlatform.executionFinished(AllureJunitPlatform.java:171)
	at org.junit.platform.launcher.core.CompositeTestExecutionListener.lambda$executionFinished$10(CompositeTestExecutionListener.java:69)
	at org.junit.platform.launcher.core.CompositeTestExecutionListener.lambda$notifyEach$19(CompositeTestExecutionListener.java:95)
	at java.base/java.util.ArrayList.forEach(ArrayList.java:1541)
	at org.junit.platform.launcher.core.CompositeTestExecutionListener.notifyEach(CompositeTestExecutionListener.java:93)
	at org.junit.platform.launcher.core.CompositeTestExecutionListener.executionFinished(CompositeTestExecutionListener.java:69)
	at org.junit.platform.launcher.core.ExecutionListenerAdapter.executionFinished(ExecutionListenerAdapter.java:56)
	at org.junit.platform.launcher.core.CompositeEngineExecutionListener.lambda$executionFinished$6(CompositeEngineExecutionListener.java:57)
	at org.junit.platform.launcher.core.CompositeEngineExecutionListener.lambda$notifyEach$11(CompositeEngineExecutionListener.java:71)
	at java.base/java.util.ArrayList.forEach(ArrayList.java:1541)
	at org.junit.platform.launcher.core.CompositeEngineExecutionListener.notifyEach(CompositeEngineExecutionListener.java:69)
	at org.junit.platform.launcher.core.CompositeEngineExecutionListener.executionFinished(CompositeEngineExecutionListener.java:56)
	at org.junit.platform.launcher.core.DelegatingEngineExecutionListener.executionFinished(DelegatingEngineExecutionListener.java:46)
	at org.junit.platform.launcher.core.OutcomeDelayingEngineExecutionListener.executionFinished(OutcomeDelayingEngineExecutionListener.java:63)
	at org.junit.platform.engine.support.hierarchical.NodeTestTask.reportCompletion(NodeTestTask.java:195)
	at org.junit.platform.engine.support.hierarchical.NodeTestTask.execute(NodeTestTask.java:100)
	at java.base/java.util.ArrayList.forEach(ArrayList.java:1541)
	at org.junit.platform.engine.support.hierarchical.SameThreadHierarchicalTestExecutorService.invokeAll(SameThreadHierarchicalTestExecutorService.java:41)
	at org.junit.platform.engine.support.hierarchical.NodeTestTask.lambda$executeRecursively$6(NodeTestTask.java:155)
	at org.junit.platform.engine.support.hierarchical.ThrowableCollector.execute(ThrowableCollector.java:73)
	at org.junit.platform.engine.support.hierarchical.NodeTestTask.lambda$executeRecursively$8(NodeTestTask.java:141)
	at org.junit.platform.engine.support.hierarchical.Node.around(Node.java:137)
	at org.junit.platform.engine.support.hierarchical.NodeTestTask.lambda$executeRecursively$9(NodeTestTask.java:139)
	at org.junit.platform.engine.support.hierarchical.ThrowableCollector.execute(ThrowableCollector.java:73)
	at org.junit.platform.engine.support.hierarchical.NodeTestTask.executeRecursively(NodeTestTask.java:138)
	at org.junit.platform.engine.support.hierarchical.NodeTestTask.execute(NodeTestTask.java:95)
	at java.base/java.util.ArrayList.forEach(ArrayList.java:1541)
	at org.junit.platform.engine.support.hierarchical.SameThreadHierarchicalTestExecutorService.invokeAll(SameThreadHierarchicalTestExecutorService.java:41)
	at org.junit.platform.engine.support.hierarchical.NodeTestTask.lambda$executeRecursively$6(NodeTestTask.java:155)
	at org.junit.platform.engine.support.hierarchical.ThrowableCollector.execute(ThrowableCollector.java:73)
	at org.junit.platform.engine.support.hierarchical.NodeTestTask.lambda$executeRecursively$8(NodeTestTask.java:141)
	at org.junit.platform.engine.support.hierarchical.Node.around(Node.java:137)
	at org.junit.platform.engine.support.hierarchical.NodeTestTask.lambda$executeRecursively$9(NodeTestTask.java:139)
	at org.junit.platform.engine.support.hierarchical.ThrowableCollector.execute(ThrowableCollector.java:73)
	at org.junit.platform.engine.support.hierarchical.NodeTestTask.executeRecursively(NodeTestTask.java:138)
	at org.junit.platform.engine.support.hierarchical.NodeTestTask.execute(NodeTestTask.java:95)
	at org.junit.platform.engine.support.hierarchical.SameThreadHierarchicalTestExecutorService.submit(SameThreadHierarchicalTestExecutorService.java:35)
	at org.junit.platform.engine.support.hierarchical.HierarchicalTestExecutor.execute(HierarchicalTestExecutor.java:57)
	at org.junit.platform.engine.support.hierarchical.HierarchicalTestEngine.execute(HierarchicalTestEngine.java:54)
	at org.junit.platform.launcher.core.EngineExecutionOrchestrator.execute(EngineExecutionOrchestrator.java:147)
	at org.junit.platform.launcher.core.EngineExecutionOrchestrator.execute(EngineExecutionOrchestrator.java:127)
	at org.junit.platform.launcher.core.EngineExecutionOrchestrator.execute(EngineExecutionOrchestrator.java:90)
	at org.junit.platform.launcher.core.EngineExecutionOrchestrator.lambda$execute$0(EngineExecutionOrchestrator.java:55)
	at org.junit.platform.launcher.core.EngineExecutionOrchestrator.withInterceptedStreams(EngineExecutionOrchestrator.java:102)
	at org.junit.platform.launcher.core.EngineExecutionOrchestrator.execute(EngineExecutionOrchestrator.java:54)
	at org.junit.platform.launcher.core.DefaultLauncher.execute(DefaultLauncher.java:114)
	at org.junit.platform.launcher.core.DefaultLauncher.execute(DefaultLauncher.java:86)
	at org.junit.platform.launcher.core.DefaultLauncherSession$DelegatingLauncher.execute(DefaultLauncherSession.java:86)
	at org.junit.platform.launcher.core.SessionPerRequestLauncher.execute(SessionPerRequestLauncher.java:53)
	at org.gradle.api.internal.tasks.testing.junitplatform.JUnitPlatformTestClassProcessor$CollectAllTestClassesExecutor.processAllTestClasses(JUnitPlatformTestClassProcessor.java:99)
	at org.gradle.api.internal.tasks.testing.junitplatform.JUnitPlatformTestClassProcessor$CollectAllTestClassesExecutor.access$000(JUnitPlatformTestClassProcessor.java:79)
	at org.gradle.api.internal.tasks.testing.junitplatform.JUnitPlatformTestClassProcessor.stop(JUnitPlatformTestClassProcessor.java:75)
	at org.gradle.api.internal.tasks.testing.SuiteTestClassProcessor.stop(SuiteTestClassProcessor.java:61)
	at java.base/jdk.internal.reflect.NativeMethodAccessorImpl.invoke0(Native Method)
	at java.base/jdk.internal.reflect.NativeMethodAccessorImpl.invoke(NativeMethodAccessorImpl.java:62)
	at java.base/jdk.internal.reflect.DelegatingMethodAccessorImpl.invoke(DelegatingMethodAccessorImpl.java:43)
	at java.base/java.lang.reflect.Method.invoke(Method.java:566)
	at org.gradle.internal.dispatch.ReflectionDispatch.dispatch(ReflectionDispatch.java:36)
	at org.gradle.internal.dispatch.ReflectionDispatch.dispatch(ReflectionDispatch.java:24)
	at org.gradle.internal.dispatch.ContextClassLoaderDispatch.dispatch(ContextClassLoaderDispatch.java:33)
	at org.gradle.internal.dispatch.ProxyDispatchAdapter$DispatchingInvocationHandler.invoke(ProxyDispatchAdapter.java:94)
	at com.sun.proxy.$Proxy2.stop(Unknown Source)
	at org.gradle.api.internal.tasks.testing.worker.TestWorker$3.run(TestWorker.java:193)
	at org.gradle.api.internal.tasks.testing.worker.TestWorker.executeAndMaintainThreadName(TestWorker.java:129)
	at org.gradle.api.internal.tasks.testing.worker.TestWorker.execute(TestWorker.java:100)
	at org.gradle.api.internal.tasks.testing.worker.TestWorker.execute(TestWorker.java:60)
	at org.gradle.process.internal.worker.child.ActionExecutionWorker.execute(ActionExecutionWorker.java:56)
	at org.gradle.process.internal.worker.child.SystemApplicationClassLoaderWorker.call(SystemApplicationClassLoaderWorker.java:133)
	at org.gradle.process.internal.worker.child.SystemApplicationClassLoaderWorker.call(SystemApplicationClassLoaderWorker.java:71)
	at worker.org.gradle.process.internal.worker.GradleWorkerMain.run(GradleWorkerMain.java:69)
	at worker.org.gradle.process.internal.worker.GradleWorkerMain.main(GradleWorkerMain.java:74)

авг. 12, 2023 11:11:43 AM org.junit.platform.launcher.core.CompositeTestExecutionListener lambda$notifyEach$19
WARNING: TestExecutionListener [io.qameta.allure.junitplatform.AllureJunitPlatform] threw exception for method: executionStarted(TestIdentifier [uniqueId = [engine:junit-jupiter]/[class:ru.netology.test.YearFieldTest]/[method:doubleZeroDigitInYearField()], parentId = [engine:junit-jupiter]/[class:ru.netology.test.YearFieldTest], displayName = 'Notification if 'Double Zero'', legacyReportingName = 'doubleZeroDigitInYearField()', source = MethodSource [className = 'ru.netology.test.YearFieldTest', methodName = 'doubleZeroDigitInYearField', methodParameterTypes = ''], tags = [], type = TEST])
java.lang.NoSuchMethodError: 'void io.qameta.allure.util.ResultsUtils.processDescription(java.lang.ClassLoader, java.lang.reflect.Method, io.qameta.allure.model.ExecutableItem)'
	at io.qameta.allure.junitplatform.AllureJunitPlatform.lambda$startTestCase$7(AllureJunitPlatform.java:412)
	at java.base/java.util.Optional.ifPresent(Optional.java:183)
	at io.qameta.allure.junitplatform.AllureJunitPlatform.startTestCase(AllureJunitPlatform.java:412)
	at io.qameta.allure.junitplatform.AllureJunitPlatform.executionStarted(AllureJunitPlatform.java:148)
	at org.junit.platform.launcher.core.CompositeTestExecutionListener.lambda$executionStarted$6(CompositeTestExecutionListener.java:60)
	at org.junit.platform.launcher.core.CompositeTestExecutionListener.lambda$notifyEach$19(CompositeTestExecutionListener.java:95)
	at java.base/java.util.ArrayList.forEach(ArrayList.java:1541)
	at org.junit.platform.launcher.core.CompositeTestExecutionListener.notifyEach(CompositeTestExecutionListener.java:93)
	at org.junit.platform.launcher.core.CompositeTestExecutionListener.executionStarted(CompositeTestExecutionListener.java:60)
	at org.junit.platform.launcher.core.ExecutionListenerAdapter.executionStarted(ExecutionListenerAdapter.java:46)
	at org.junit.platform.launcher.core.CompositeEngineExecutionListener.lambda$executionStarted$4(CompositeEngineExecutionListener.java:50)
	at org.junit.platform.launcher.core.CompositeEngineExecutionListener.lambda$notifyEach$11(CompositeEngineExecutionListener.java:71)
	at java.base/java.util.ArrayList.forEach(ArrayList.java:1541)
	at org.junit.platform.launcher.core.CompositeEngineExecutionListener.notifyEach(CompositeEngineExecutionListener.java:69)
	at org.junit.platform.launcher.core.CompositeEngineExecutionListener.executionStarted(CompositeEngineExecutionListener.java:50)
	at org.junit.platform.launcher.core.DelegatingEngineExecutionListener.executionStarted(DelegatingEngineExecutionListener.java:41)
	at org.junit.platform.launcher.core.OutcomeDelayingEngineExecutionListener.executionStarted(OutcomeDelayingEngineExecutionListener.java:53)
	at org.junit.platform.engine.support.hierarchical.NodeTestTask.executeRecursively(NodeTestTask.java:135)
	at org.junit.platform.engine.support.hierarchical.NodeTestTask.execute(NodeTestTask.java:95)
	at java.base/java.util.ArrayList.forEach(ArrayList.java:1541)
	at org.junit.platform.engine.support.hierarchical.SameThreadHierarchicalTestExecutorService.invokeAll(SameThreadHierarchicalTestExecutorService.java:41)
	at org.junit.platform.engine.support.hierarchical.NodeTestTask.lambda$executeRecursively$6(NodeTestTask.java:155)
	at org.junit.platform.engine.support.hierarchical.ThrowableCollector.execute(ThrowableCollector.java:73)
	at org.junit.platform.engine.support.hierarchical.NodeTestTask.lambda$executeRecursively$8(NodeTestTask.java:141)
	at org.junit.platform.engine.support.hierarchical.Node.around(Node.java:137)
	at org.junit.platform.engine.support.hierarchical.NodeTestTask.lambda$executeRecursively$9(NodeTestTask.java:139)
	at org.junit.platform.engine.support.hierarchical.ThrowableCollector.execute(ThrowableCollector.java:73)
	at org.junit.platform.engine.support.hierarchical.NodeTestTask.executeRecursively(NodeTestTask.java:138)
	at org.junit.platform.engine.support.hierarchical.NodeTestTask.execute(NodeTestTask.java:95)
	at java.base/java.util.ArrayList.forEach(ArrayList.java:1541)
	at org.junit.platform.engine.support.hierarchical.SameThreadHierarchicalTestExecutorService.invokeAll(SameThreadHierarchicalTestExecutorService.java:41)
	at org.junit.platform.engine.support.hierarchical.NodeTestTask.lambda$executeRecursively$6(NodeTestTask.java:155)
	at org.junit.platform.engine.support.hierarchical.ThrowableCollector.execute(ThrowableCollector.java:73)
	at org.junit.platform.engine.support.hierarchical.NodeTestTask.lambda$executeRecursively$8(NodeTestTask.java:141)
	at org.junit.platform.engine.support.hierarchical.Node.around(Node.java:137)
	at org.junit.platform.engine.support.hierarchical.NodeTestTask.lambda$executeRecursively$9(NodeTestTask.java:139)
	at org.junit.platform.engine.support.hierarchical.ThrowableCollector.execute(ThrowableCollector.java:73)
	at org.junit.platform.engine.support.hierarchical.NodeTestTask.executeRecursively(NodeTestTask.java:138)
	at org.junit.platform.engine.support.hierarchical.NodeTestTask.execute(NodeTestTask.java:95)
	at org.junit.platform.engine.support.hierarchical.SameThreadHierarchicalTestExecutorService.submit(SameThreadHierarchicalTestExecutorService.java:35)
	at org.junit.platform.engine.support.hierarchical.HierarchicalTestExecutor.execute(HierarchicalTestExecutor.java:57)
	at org.junit.platform.engine.support.hierarchical.HierarchicalTestEngine.execute(HierarchicalTestEngine.java:54)
	at org.junit.platform.launcher.core.EngineExecutionOrchestrator.execute(EngineExecutionOrchestrator.java:147)
	at org.junit.platform.launcher.core.EngineExecutionOrchestrator.execute(EngineExecutionOrchestrator.java:127)
	at org.junit.platform.launcher.core.EngineExecutionOrchestrator.execute(EngineExecutionOrchestrator.java:90)
	at org.junit.platform.launcher.core.EngineExecutionOrchestrator.lambda$execute$0(EngineExecutionOrchestrator.java:55)
	at org.junit.platform.launcher.core.EngineExecutionOrchestrator.withInterceptedStreams(EngineExecutionOrchestrator.java:102)
	at org.junit.platform.launcher.core.EngineExecutionOrchestrator.execute(EngineExecutionOrchestrator.java:54)
	at org.junit.platform.launcher.core.DefaultLauncher.execute(DefaultLauncher.java:114)
	at org.junit.platform.launcher.core.DefaultLauncher.execute(DefaultLauncher.java:86)
	at org.junit.platform.launcher.core.DefaultLauncherSession$DelegatingLauncher.execute(DefaultLauncherSession.java:86)
	at org.junit.platform.launcher.core.SessionPerRequestLauncher.execute(SessionPerRequestLauncher.java:53)
	at org.gradle.api.internal.tasks.testing.junitplatform.JUnitPlatformTestClassProcessor$CollectAllTestClassesExecutor.processAllTestClasses(JUnitPlatformTestClassProcessor.java:99)
	at org.gradle.api.internal.tasks.testing.junitplatform.JUnitPlatformTestClassProcessor$CollectAllTestClassesExecutor.access$000(JUnitPlatformTestClassProcessor.java:79)
	at org.gradle.api.internal.tasks.testing.junitplatform.JUnitPlatformTestClassProcessor.stop(JUnitPlatformTestClassProcessor.java:75)
	at org.gradle.api.internal.tasks.testing.SuiteTestClassProcessor.stop(SuiteTestClassProcessor.java:61)
	at java.base/jdk.internal.reflect.NativeMethodAccessorImpl.invoke0(Native Method)
	at java.base/jdk.internal.reflect.NativeMethodAccessorImpl.invoke(NativeMethodAccessorImpl.java:62)
	at java.base/jdk.internal.reflect.DelegatingMethodAccessorImpl.invoke(DelegatingMethodAccessorImpl.java:43)
	at java.base/java.lang.reflect.Method.invoke(Method.java:566)
	at org.gradle.internal.dispatch.ReflectionDispatch.dispatch(ReflectionDispatch.java:36)
	at org.gradle.internal.dispatch.ReflectionDispatch.dispatch(ReflectionDispatch.java:24)
	at org.gradle.internal.dispatch.ContextClassLoaderDispatch.dispatch(ContextClassLoaderDispatch.java:33)
	at org.gradle.internal.dispatch.ProxyDispatchAdapter$DispatchingInvocationHandler.invoke(ProxyDispatchAdapter.java:94)
	at com.sun.proxy.$Proxy2.stop(Unknown Source)
	at org.gradle.api.internal.tasks.testing.worker.TestWorker$3.run(TestWorker.java:193)
	at org.gradle.api.internal.tasks.testing.worker.TestWorker.executeAndMaintainThreadName(TestWorker.java:129)
	at org.gradle.api.internal.tasks.testing.worker.TestWorker.execute(TestWorker.java:100)
	at org.gradle.api.internal.tasks.testing.worker.TestWorker.execute(TestWorker.java:60)
	at org.gradle.process.internal.worker.child.ActionExecutionWorker.execute(ActionExecutionWorker.java:56)
	at org.gradle.process.internal.worker.child.SystemApplicationClassLoaderWorker.call(SystemApplicationClassLoaderWorker.java:133)
	at org.gradle.process.internal.worker.child.SystemApplicationClassLoaderWorker.call(SystemApplicationClassLoaderWorker.java:71)
	at worker.org.gradle.process.internal.worker.GradleWorkerMain.run(GradleWorkerMain.java:69)
	at worker.org.gradle.process.internal.worker.GradleWorkerMain.main(GradleWorkerMain.java:74)

[Test worker] ERROR io.qameta.allure.AllureLifecycle - Could not update test case: test case with uuid c09c5894-c4b0-486c-9b05-0ecb12cbe0bd not found
[Test worker] ERROR io.qameta.allure.AllureLifecycle - Could not stop test case: test case with uuid c09c5894-c4b0-486c-9b05-0ecb12cbe0bd not found
[Test worker] ERROR io.qameta.allure.AllureLifecycle - Could not write test case: test case with uuid c09c5894-c4b0-486c-9b05-0ecb12cbe0bd not found
авг. 12, 2023 11:11:44 AM org.junit.platform.launcher.core.CompositeTestExecutionListener lambda$notifyEach$19
WARNING: TestExecutionListener [io.qameta.allure.junitplatform.AllureJunitPlatform] threw exception for method: executionFinished(TestIdentifier [uniqueId = [engine:junit-jupiter]/[class:ru.netology.test.YearFieldTest]/[method:doubleZeroDigitInYearField()], parentId = [engine:junit-jupiter]/[class:ru.netology.test.YearFieldTest], displayName = 'Notification if 'Double Zero'', legacyReportingName = 'doubleZeroDigitInYearField()', source = MethodSource [className = 'ru.netology.test.YearFieldTest', methodName = 'doubleZeroDigitInYearField', methodParameterTypes = ''], tags = [], type = TEST], TestExecutionResult [status = SUCCESSFUL, throwable = null])
java.lang.NoSuchMethodError: 'io.qameta.allure.model.TestResultContainer io.qameta.allure.model.TestResultContainer.setChildren(java.util.Collection)'
	at io.qameta.allure.junitplatform.AllureJunitPlatform.lambda$stopTestContainer$3(AllureJunitPlatform.java:301)
	at io.qameta.allure.AllureLifecycle.updateTestContainer(AllureLifecycle.java:136)
	at io.qameta.allure.junitplatform.AllureJunitPlatform.stopTestContainer(AllureJunitPlatform.java:301)
	at io.qameta.allure.junitplatform.AllureJunitPlatform.executionFinished(AllureJunitPlatform.java:171)
	at org.junit.platform.launcher.core.CompositeTestExecutionListener.lambda$executionFinished$10(CompositeTestExecutionListener.java:69)
	at org.junit.platform.launcher.core.CompositeTestExecutionListener.lambda$notifyEach$19(CompositeTestExecutionListener.java:95)
	at java.base/java.util.ArrayList.forEach(ArrayList.java:1541)
	at org.junit.platform.launcher.core.CompositeTestExecutionListener.notifyEach(CompositeTestExecutionListener.java:93)
	at org.junit.platform.launcher.core.CompositeTestExecutionListener.executionFinished(CompositeTestExecutionListener.java:69)
	at org.junit.platform.launcher.core.ExecutionListenerAdapter.executionFinished(ExecutionListenerAdapter.java:56)
	at org.junit.platform.launcher.core.CompositeEngineExecutionListener.lambda$executionFinished$6(CompositeEngineExecutionListener.java:57)
	at org.junit.platform.launcher.core.CompositeEngineExecutionListener.lambda$notifyEach$11(CompositeEngineExecutionListener.java:71)
	at java.base/java.util.ArrayList.forEach(ArrayList.java:1541)
	at org.junit.platform.launcher.core.CompositeEngineExecutionListener.notifyEach(CompositeEngineExecutionListener.java:69)
	at org.junit.platform.launcher.core.CompositeEngineExecutionListener.executionFinished(CompositeEngineExecutionListener.java:56)
	at org.junit.platform.launcher.core.DelegatingEngineExecutionListener.executionFinished(DelegatingEngineExecutionListener.java:46)
	at org.junit.platform.launcher.core.OutcomeDelayingEngineExecutionListener.executionFinished(OutcomeDelayingEngineExecutionListener.java:63)
	at org.junit.platform.engine.support.hierarchical.NodeTestTask.reportCompletion(NodeTestTask.java:195)
	at org.junit.platform.engine.support.hierarchical.NodeTestTask.execute(NodeTestTask.java:100)
	at java.base/java.util.ArrayList.forEach(ArrayList.java:1541)
	at org.junit.platform.engine.support.hierarchical.SameThreadHierarchicalTestExecutorService.invokeAll(SameThreadHierarchicalTestExecutorService.java:41)
	at org.junit.platform.engine.support.hierarchical.NodeTestTask.lambda$executeRecursively$6(NodeTestTask.java:155)
	at org.junit.platform.engine.support.hierarchical.ThrowableCollector.execute(ThrowableCollector.java:73)
	at org.junit.platform.engine.support.hierarchical.NodeTestTask.lambda$executeRecursively$8(NodeTestTask.java:141)
	at org.junit.platform.engine.support.hierarchical.Node.around(Node.java:137)
	at org.junit.platform.engine.support.hierarchical.NodeTestTask.lambda$executeRecursively$9(NodeTestTask.java:139)
	at org.junit.platform.engine.support.hierarchical.ThrowableCollector.execute(ThrowableCollector.java:73)
	at org.junit.platform.engine.support.hierarchical.NodeTestTask.executeRecursively(NodeTestTask.java:138)
	at org.junit.platform.engine.support.hierarchical.NodeTestTask.execute(NodeTestTask.java:95)
	at java.base/java.util.ArrayList.forEach(ArrayList.java:1541)
	at org.junit.platform.engine.support.hierarchical.SameThreadHierarchicalTestExecutorService.invokeAll(SameThreadHierarchicalTestExecutorService.java:41)
	at org.junit.platform.engine.support.hierarchical.NodeTestTask.lambda$executeRecursively$6(NodeTestTask.java:155)
	at org.junit.platform.engine.support.hierarchical.ThrowableCollector.execute(ThrowableCollector.java:73)
	at org.junit.platform.engine.support.hierarchical.NodeTestTask.lambda$executeRecursively$8(NodeTestTask.java:141)
	at org.junit.platform.engine.support.hierarchical.Node.around(Node.java:137)
	at org.junit.platform.engine.support.hierarchical.NodeTestTask.lambda$executeRecursively$9(NodeTestTask.java:139)
	at org.junit.platform.engine.support.hierarchical.ThrowableCollector.execute(ThrowableCollector.java:73)
	at org.junit.platform.engine.support.hierarchical.NodeTestTask.executeRecursively(NodeTestTask.java:138)
	at org.junit.platform.engine.support.hierarchical.NodeTestTask.execute(NodeTestTask.java:95)
	at org.junit.platform.engine.support.hierarchical.SameThreadHierarchicalTestExecutorService.submit(SameThreadHierarchicalTestExecutorService.java:35)
	at org.junit.platform.engine.support.hierarchical.HierarchicalTestExecutor.execute(HierarchicalTestExecutor.java:57)
	at org.junit.platform.engine.support.hierarchical.HierarchicalTestEngine.execute(HierarchicalTestEngine.java:54)
	at org.junit.platform.launcher.core.EngineExecutionOrchestrator.execute(EngineExecutionOrchestrator.java:147)
	at org.junit.platform.launcher.core.EngineExecutionOrchestrator.execute(EngineExecutionOrchestrator.java:127)
	at org.junit.platform.launcher.core.EngineExecutionOrchestrator.execute(EngineExecutionOrchestrator.java:90)
	at org.junit.platform.launcher.core.EngineExecutionOrchestrator.lambda$execute$0(EngineExecutionOrchestrator.java:55)
	at org.junit.platform.launcher.core.EngineExecutionOrchestrator.withInterceptedStreams(EngineExecutionOrchestrator.java:102)
	at org.junit.platform.launcher.core.EngineExecutionOrchestrator.execute(EngineExecutionOrchestrator.java:54)
	at org.junit.platform.launcher.core.DefaultLauncher.execute(DefaultLauncher.java:114)
	at org.junit.platform.launcher.core.DefaultLauncher.execute(DefaultLauncher.java:86)
	at org.junit.platform.launcher.core.DefaultLauncherSession$DelegatingLauncher.execute(DefaultLauncherSession.java:86)
	at org.junit.platform.launcher.core.SessionPerRequestLauncher.execute(SessionPerRequestLauncher.java:53)
	at org.gradle.api.internal.tasks.testing.junitplatform.JUnitPlatformTestClassProcessor$CollectAllTestClassesExecutor.processAllTestClasses(JUnitPlatformTestClassProcessor.java:99)
	at org.gradle.api.internal.tasks.testing.junitplatform.JUnitPlatformTestClassProcessor$CollectAllTestClassesExecutor.access$000(JUnitPlatformTestClassProcessor.java:79)
	at org.gradle.api.internal.tasks.testing.junitplatform.JUnitPlatformTestClassProcessor.stop(JUnitPlatformTestClassProcessor.java:75)
	at org.gradle.api.internal.tasks.testing.SuiteTestClassProcessor.stop(SuiteTestClassProcessor.java:61)
	at java.base/jdk.internal.reflect.NativeMethodAccessorImpl.invoke0(Native Method)
	at java.base/jdk.internal.reflect.NativeMethodAccessorImpl.invoke(NativeMethodAccessorImpl.java:62)
	at java.base/jdk.internal.reflect.DelegatingMethodAccessorImpl.invoke(DelegatingMethodAccessorImpl.java:43)
	at java.base/java.lang.reflect.Method.invoke(Method.java:566)
	at org.gradle.internal.dispatch.ReflectionDispatch.dispatch(ReflectionDispatch.java:36)
	at org.gradle.internal.dispatch.ReflectionDispatch.dispatch(ReflectionDispatch.java:24)
	at org.gradle.internal.dispatch.ContextClassLoaderDispatch.dispatch(ContextClassLoaderDispatch.java:33)
	at org.gradle.internal.dispatch.ProxyDispatchAdapter$DispatchingInvocationHandler.invoke(ProxyDispatchAdapter.java:94)
	at com.sun.proxy.$Proxy2.stop(Unknown Source)
	at org.gradle.api.internal.tasks.testing.worker.TestWorker$3.run(TestWorker.java:193)
	at org.gradle.api.internal.tasks.testing.worker.TestWorker.executeAndMaintainThreadName(TestWorker.java:129)
	at org.gradle.api.internal.tasks.testing.worker.TestWorker.execute(TestWorker.java:100)
	at org.gradle.api.internal.tasks.testing.worker.TestWorker.execute(TestWorker.java:60)
	at org.gradle.process.internal.worker.child.ActionExecutionWorker.execute(ActionExecutionWorker.java:56)
	at org.gradle.process.internal.worker.child.SystemApplicationClassLoaderWorker.call(SystemApplicationClassLoaderWorker.java:133)
	at org.gradle.process.internal.worker.child.SystemApplicationClassLoaderWorker.call(SystemApplicationClassLoaderWorker.java:71)
	at worker.org.gradle.process.internal.worker.GradleWorkerMain.run(GradleWorkerMain.java:69)
	at worker.org.gradle.process.internal.worker.GradleWorkerMain.main(GradleWorkerMain.java:74)

авг. 12, 2023 11:11:44 AM org.junit.platform.launcher.core.CompositeTestExecutionListener lambda$notifyEach$19
WARNING: TestExecutionListener [io.qameta.allure.junitplatform.AllureJunitPlatform] threw exception for method: executionStarted(TestIdentifier [uniqueId = [engine:junit-jupiter]/[class:ru.netology.test.YearFieldTest]/[method:emptyYearField()], parentId = [engine:junit-jupiter]/[class:ru.netology.test.YearFieldTest], displayName = 'Empty field notification', legacyReportingName = 'emptyYearField()', source = MethodSource [className = 'ru.netology.test.YearFieldTest', methodName = 'emptyYearField', methodParameterTypes = ''], tags = [], type = TEST])
java.lang.NoSuchMethodError: 'void io.qameta.allure.util.ResultsUtils.processDescription(java.lang.ClassLoader, java.lang.reflect.Method, io.qameta.allure.model.ExecutableItem)'
	at io.qameta.allure.junitplatform.AllureJunitPlatform.lambda$startTestCase$7(AllureJunitPlatform.java:412)
	at java.base/java.util.Optional.ifPresent(Optional.java:183)
	at io.qameta.allure.junitplatform.AllureJunitPlatform.startTestCase(AllureJunitPlatform.java:412)
	at io.qameta.allure.junitplatform.AllureJunitPlatform.executionStarted(AllureJunitPlatform.java:148)
	at org.junit.platform.launcher.core.CompositeTestExecutionListener.lambda$executionStarted$6(CompositeTestExecutionListener.java:60)
	at org.junit.platform.launcher.core.CompositeTestExecutionListener.lambda$notifyEach$19(CompositeTestExecutionListener.java:95)
	at java.base/java.util.ArrayList.forEach(ArrayList.java:1541)
	at org.junit.platform.launcher.core.CompositeTestExecutionListener.notifyEach(CompositeTestExecutionListener.java:93)
	at org.junit.platform.launcher.core.CompositeTestExecutionListener.executionStarted(CompositeTestExecutionListener.java:60)
	at org.junit.platform.launcher.core.ExecutionListenerAdapter.executionStarted(ExecutionListenerAdapter.java:46)
	at org.junit.platform.launcher.core.CompositeEngineExecutionListener.lambda$executionStarted$4(CompositeEngineExecutionListener.java:50)
	at org.junit.platform.launcher.core.CompositeEngineExecutionListener.lambda$notifyEach$11(CompositeEngineExecutionListener.java:71)
	at java.base/java.util.ArrayList.forEach(ArrayList.java:1541)
	at org.junit.platform.launcher.core.CompositeEngineExecutionListener.notifyEach(CompositeEngineExecutionListener.java:69)
	at org.junit.platform.launcher.core.CompositeEngineExecutionListener.executionStarted(CompositeEngineExecutionListener.java:50)
	at org.junit.platform.launcher.core.DelegatingEngineExecutionListener.executionStarted(DelegatingEngineExecutionListener.java:41)
	at org.junit.platform.launcher.core.OutcomeDelayingEngineExecutionListener.executionStarted(OutcomeDelayingEngineExecutionListener.java:53)
	at org.junit.platform.engine.support.hierarchical.NodeTestTask.executeRecursively(NodeTestTask.java:135)
	at org.junit.platform.engine.support.hierarchical.NodeTestTask.execute(NodeTestTask.java:95)
	at java.base/java.util.ArrayList.forEach(ArrayList.java:1541)
	at org.junit.platform.engine.support.hierarchical.SameThreadHierarchicalTestExecutorService.invokeAll(SameThreadHierarchicalTestExecutorService.java:41)
	at org.junit.platform.engine.support.hierarchical.NodeTestTask.lambda$executeRecursively$6(NodeTestTask.java:155)
	at org.junit.platform.engine.support.hierarchical.ThrowableCollector.execute(ThrowableCollector.java:73)
	at org.junit.platform.engine.support.hierarchical.NodeTestTask.lambda$executeRecursively$8(NodeTestTask.java:141)
	at org.junit.platform.engine.support.hierarchical.Node.around(Node.java:137)
	at org.junit.platform.engine.support.hierarchical.NodeTestTask.lambda$executeRecursively$9(NodeTestTask.java:139)
	at org.junit.platform.engine.support.hierarchical.ThrowableCollector.execute(ThrowableCollector.java:73)
	at org.junit.platform.engine.support.hierarchical.NodeTestTask.executeRecursively(NodeTestTask.java:138)
	at org.junit.platform.engine.support.hierarchical.NodeTestTask.execute(NodeTestTask.java:95)
	at java.base/java.util.ArrayList.forEach(ArrayList.java:1541)
	at org.junit.platform.engine.support.hierarchical.SameThreadHierarchicalTestExecutorService.invokeAll(SameThreadHierarchicalTestExecutorService.java:41)
	at org.junit.platform.engine.support.hierarchical.NodeTestTask.lambda$executeRecursively$6(NodeTestTask.java:155)
	at org.junit.platform.engine.support.hierarchical.ThrowableCollector.execute(ThrowableCollector.java:73)
	at org.junit.platform.engine.support.hierarchical.NodeTestTask.lambda$executeRecursively$8(NodeTestTask.java:141)
	at org.junit.platform.engine.support.hierarchical.Node.around(Node.java:137)
	at org.junit.platform.engine.support.hierarchical.NodeTestTask.lambda$executeRecursively$9(NodeTestTask.java:139)
	at org.junit.platform.engine.support.hierarchical.ThrowableCollector.execute(ThrowableCollector.java:73)
	at org.junit.platform.engine.support.hierarchical.NodeTestTask.executeRecursively(NodeTestTask.java:138)
	at org.junit.platform.engine.support.hierarchical.NodeTestTask.execute(NodeTestTask.java:95)
	at org.junit.platform.engine.support.hierarchical.SameThreadHierarchicalTestExecutorService.submit(SameThreadHierarchicalTestExecutorService.java:35)
	at org.junit.platform.engine.support.hierarchical.HierarchicalTestExecutor.execute(HierarchicalTestExecutor.java:57)
	at org.junit.platform.engine.support.hierarchical.HierarchicalTestEngine.execute(HierarchicalTestEngine.java:54)
	at org.junit.platform.launcher.core.EngineExecutionOrchestrator.execute(EngineExecutionOrchestrator.java:147)
	at org.junit.platform.launcher.core.EngineExecutionOrchestrator.execute(EngineExecutionOrchestrator.java:127)
	at org.junit.platform.launcher.core.EngineExecutionOrchestrator.execute(EngineExecutionOrchestrator.java:90)
[...]
	at org.junit.platform.launcher.core.DefaultLauncher.execute(DefaultLauncher.java:114)
	at org.junit.platform.launcher.core.DefaultLauncher.execute(DefaultLauncher.java:86)
	at org.junit.platform.launcher.core.DefaultLauncherSession$DelegatingLauncher.execute(DefaultLauncherSession.java:86)
	at org.junit.platform.launcher.core.SessionPerRequestLauncher.execute(SessionPerRequestLauncher.java:53)
	at org.gradle.api.internal.tasks.testing.junitplatform.JUnitPlatformTestClassProcessor$CollectAllTestClassesExecutor.processAllTestClasses(JUnitPlatformTestClassProcessor.java:99)
	at org.gradle.api.internal.tasks.testing.junitplatform.JUnitPlatformTestClassProcessor$CollectAllTestClassesExecutor.access$000(JUnitPlatformTestClassProcessor.java:79)
	at org.gradle.api.internal.tasks.testing.junitplatform.JUnitPlatformTestClassProcessor.stop(JUnitPlatformTestClassProcessor.java:75)
	at org.gradle.api.internal.tasks.testing.SuiteTestClassProcessor.stop(SuiteTestClassProcessor.java:61)
	at java.base/jdk.internal.reflect.NativeMethodAccessorImpl.invoke0(Native Method)
	at java.base/jdk.internal.reflect.NativeMethodAccessorImpl.invoke(NativeMethodAccessorImpl.java:62)
	at java.base/jdk.internal.reflect.DelegatingMethodAccessorImpl.invoke(DelegatingMethodAccessorImpl.java:43)
	at java.base/java.lang.reflect.Method.invoke(Method.java:566)
	at org.gradle.internal.dispatch.ReflectionDispatch.dispatch(ReflectionDispatch.java:36)
	at org.gradle.internal.dispatch.ReflectionDispatch.dispatch(ReflectionDispatch.java:24)
	at org.gradle.internal.dispatch.ContextClassLoaderDispatch.dispatch(ContextClassLoaderDispatch.java:33)
	at org.gradle.internal.dispatch.ProxyDispatchAdapter$DispatchingInvocationHandler.invoke(ProxyDispatchAdapter.java:94)
	at com.sun.proxy.$Proxy2.stop(Unknown Source)
	at org.gradle.api.internal.tasks.testing.worker.TestWorker$3.run(TestWorker.java:193)
	at org.gradle.api.internal.tasks.testing.worker.TestWorker.executeAndMaintainThreadName(TestWorker.java:129)
	at org.gradle.api.internal.tasks.testing.worker.TestWorker.execute(TestWorker.java:100)
	at org.gradle.api.internal.tasks.testing.worker.TestWorker.execute(TestWorker.java:60)
	at org.gradle.process.internal.worker.child.ActionExecutionWorker.execute(ActionExecutionWorker.java:56)
	at org.gradle.process.internal.worker.child.SystemApplicationClassLoaderWorker.call(SystemApplicationClassLoaderWorker.java:133)
	at org.gradle.process.internal.worker.child.SystemApplicationClassLoaderWorker.call(SystemApplicationClassLoaderWorker.java:71)
	at worker.org.gradle.process.internal.worker.GradleWorkerMain.run(GradleWorkerMain.java:69)
	at worker.org.gradle.process.internal.worker.GradleWorkerMain.main(GradleWorkerMain.java:74)

[Test worker] ERROR io.qameta.allure.AllureLifecycle - Could not update test case: test case with uuid bd3112cc-506d-481c-a0e5-c71bce7ec7e8 not found
[Test worker] ERROR io.qameta.allure.AllureLifecycle - Could not stop test case: test case with uuid bd3112cc-506d-481c-a0e5-c71bce7ec7e8 not found
[Test worker] ERROR io.qameta.allure.AllureLifecycle - Could not write test case: test case with uuid bd3112cc-506d-481c-a0e5-c71bce7ec7e8 not found
авг. 12, 2023 11:11:44 AM org.junit.platform.launcher.core.CompositeTestExecutionListener lambda$notifyEach$19
WARNING: TestExecutionListener [io.qameta.allure.junitplatform.AllureJunitPlatform] threw exception for method: executionFinished(TestIdentifier [uniqueId = [engine:junit-jupiter]/[class:ru.netology.test.YearFieldTest]/[method:emptyYearField()], parentId = [engine:junit-jupiter]/[class:ru.netology.test.YearFieldTest], displayName = 'Empty field notification', legacyReportingName = 'emptyYearField()', source = MethodSource [className = 'ru.netology.test.YearFieldTest', methodName = 'emptyYearField', methodParameterTypes = ''], tags = [], type = TEST], TestExecutionResult [status = SUCCESSFUL, throwable = null])
java.lang.NoSuchMethodError: 'io.qameta.allure.model.TestResultContainer io.qameta.allure.model.TestResultContainer.setChildren(java.util.Collection)'
	at io.qameta.allure.junitplatform.AllureJunitPlatform.lambda$stopTestContainer$3(AllureJunitPlatform.java:301)
	at io.qameta.allure.AllureLifecycle.updateTestContainer(AllureLifecycle.java:136)
	at io.qameta.allure.junitplatform.AllureJunitPlatform.stopTestContainer(AllureJunitPlatform.java:301)
	at io.qameta.allure.junitplatform.AllureJunitPlatform.executionFinished(AllureJunitPlatform.java:171)
	at org.junit.platform.launcher.core.CompositeTestExecutionListener.lambda$executionFinished$10(CompositeTestExecutionListener.java:69)
	at org.junit.platform.launcher.core.CompositeTestExecutionListener.lambda$notifyEach$19(CompositeTestExecutionListener.java:95)
	at java.base/java.util.ArrayList.forEach(ArrayList.java:1541)
	at org.junit.platform.launcher.core.CompositeTestExecutionListener.notifyEach(CompositeTestExecutionListener.java:93)
	at org.junit.platform.launcher.core.CompositeTestExecutionListener.executionFinished(CompositeTestExecutionListener.java:69)
	at org.junit.platform.launcher.core.ExecutionListenerAdapter.executionFinished(ExecutionListenerAdapter.java:56)
	at org.junit.platform.launcher.core.CompositeEngineExecutionListener.lambda$executionFinished$6(CompositeEngineExecutionListener.java:57)
	at org.junit.platform.launcher.core.CompositeEngineExecutionListener.lambda$notifyEach$11(CompositeEngineExecutionListener.java:71)
	at java.base/java.util.ArrayList.forEach(ArrayList.java:1541)
	at org.junit.platform.launcher.core.CompositeEngineExecutionListener.notifyEach(CompositeEngineExecutionListener.java:69)
	at org.junit.platform.launcher.core.CompositeEngineExecutionListener.executionFinished(CompositeEngineExecutionListener.java:56)
	at org.junit.platform.launcher.core.DelegatingEngineExecutionListener.executionFinished(DelegatingEngineExecutionListener.java:46)
	at org.junit.platform.launcher.core.OutcomeDelayingEngineExecutionListener.executionFinished(OutcomeDelayingEngineExecutionListener.java:63)
	at org.junit.platform.engine.support.hierarchical.NodeTestTask.reportCompletion(NodeTestTask.java:195)
	at org.junit.platform.engine.support.hierarchical.NodeTestTask.execute(NodeTestTask.java:100)
	at java.base/java.util.ArrayList.forEach(ArrayList.java:1541)
	at org.junit.platform.engine.support.hierarchical.SameThreadHierarchicalTestExecutorService.invokeAll(SameThreadHierarchicalTestExecutorService.java:41)
	at org.junit.platform.engine.support.hierarchical.NodeTestTask.lambda$executeRecursively$6(NodeTestTask.java:155)
	at org.junit.platform.engine.support.hierarchical.ThrowableCollector.execute(ThrowableCollector.java:73)
	at org.junit.platform.engine.support.hierarchical.NodeTestTask.lambda$executeRecursively$8(NodeTestTask.java:141)
	at org.junit.platform.engine.support.hierarchical.Node.around(Node.java:137)
	at org.junit.platform.engine.support.hierarchical.NodeTestTask.lambda$executeRecursively$9(NodeTestTask.java:139)
	at org.junit.platform.engine.support.hierarchical.ThrowableCollector.execute(ThrowableCollector.java:73)
	at org.junit.platform.engine.support.hierarchical.NodeTestTask.executeRecursively(NodeTestTask.java:138)
	at org.junit.platform.engine.support.hierarchical.NodeTestTask.execute(NodeTestTask.java:95)
	at java.base/java.util.ArrayList.forEach(ArrayList.java:1541)
	at org.junit.platform.engine.support.hierarchical.SameThreadHierarchicalTestExecutorService.invokeAll(SameThreadHierarchicalTestExecutorService.java:41)
	at org.junit.platform.engine.support.hierarchical.NodeTestTask.lambda$executeRecursively$6(NodeTestTask.java:155)
	at org.junit.platform.engine.support.hierarchical.ThrowableCollector.execute(ThrowableCollector.java:73)
	at org.junit.platform.engine.support.hierarchical.NodeTestTask.lambda$executeRecursively$8(NodeTestTask.java:141)
	at org.junit.platform.engine.support.hierarchical.Node.around(Node.java:137)
	at org.junit.platform.engine.support.hierarchical.NodeTestTask.lambda$executeRecursively$9(NodeTestTask.java:139)
	at org.junit.platform.engine.support.hierarchical.ThrowableCollector.execute(ThrowableCollector.java:73)
	at org.junit.platform.engine.support.hierarchical.NodeTestTask.executeRecursively(NodeTestTask.java:138)
	at org.junit.platform.engine.support.hierarchical.NodeTestTask.execute(NodeTestTask.java:95)
	at org.junit.platform.engine.support.hierarchical.SameThreadHierarchicalTestExecutorService.submit(SameThreadHierarchicalTestExecutorService.java:35)
	at org.junit.platform.engine.support.hierarchical.HierarchicalTestExecutor.execute(HierarchicalTestExecutor.java:57)
	at org.junit.platform.engine.support.hierarchical.HierarchicalTestEngine.execute(HierarchicalTestEngine.java:54)
	at org.junit.platform.launcher.core.EngineExecutionOrchestrator.execute(EngineExecutionOrchestrator.java:147)
	at org.junit.platform.launcher.core.EngineExecutionOrchestrator.execute(EngineExecutionOrchestrator.java:127)
	at org.junit.platform.launcher.core.EngineExecutionOrchestrator.execute(EngineExecutionOrchestrator.java:90)
	at org.junit.platform.launcher.core.EngineExecutionOrchestrator.lambda$execute$0(EngineExecutionOrchestrator.java:55)
	at org.junit.platform.launcher.core.EngineExecutionOrchestrator.withInterceptedStreams(EngineExecutionOrchestrator.java:102)
	at org.junit.platform.launcher.core.EngineExecutionOrchestrator.execute(EngineExecutionOrchestrator.java:54)
	at org.junit.platform.launcher.core.DefaultLauncher.execute(DefaultLauncher.java:114)
	at org.junit.platform.launcher.core.DefaultLauncher.execute(DefaultLauncher.java:86)
	at org.junit.platform.launcher.core.DefaultLauncherSession$DelegatingLauncher.execute(DefaultLauncherSession.java:86)
	at org.junit.platform.launcher.core.SessionPerRequestLauncher.execute(SessionPerRequestLauncher.java:53)
	at org.gradle.api.internal.tasks.testing.junitplatform.JUnitPlatformTestClassProcessor$CollectAllTestClassesExecutor.processAllTestClasses(JUnitPlatformTestClassProcessor.java:99)
	at org.gradle.api.internal.tasks.testing.junitplatform.JUnitPlatformTestClassProcessor$CollectAllTestClassesExecutor.access$000(JUnitPlatformTestClassProcessor.java:79)
	at org.gradle.api.internal.tasks.testing.junitplatform.JUnitPlatformTestClassProcessor.stop(JUnitPlatformTestClassProcessor.java:75)
	at org.gradle.api.internal.tasks.testing.SuiteTestClassProcessor.stop(SuiteTestClassProcessor.java:61)
	at java.base/jdk.internal.reflect.NativeMethodAccessorImpl.invoke0(Native Method)
	at java.base/jdk.internal.reflect.NativeMethodAccessorImpl.invoke(NativeMethodAccessorImpl.java:62)
	at java.base/jdk.internal.reflect.DelegatingMethodAccessorImpl.invoke(DelegatingMethodAccessorImpl.java:43)
	at java.base/java.lang.reflect.Method.invoke(Method.java:566)
	at org.gradle.internal.dispatch.ReflectionDispatch.dispatch(ReflectionDispatch.java:36)
	at org.gradle.internal.dispatch.ReflectionDispatch.dispatch(ReflectionDispatch.java:24)
	at org.gradle.internal.dispatch.ContextClassLoaderDispatch.dispatch(ContextClassLoaderDispatch.java:33)
	at org.gradle.internal.dispatch.ProxyDispatchAdapter$DispatchingInvocationHandler.invoke(ProxyDispatchAdapter.java:94)
	at com.sun.proxy.$Proxy2.stop(Unknown Source)
	at org.gradle.api.internal.tasks.testing.worker.TestWorker$3.run(TestWorker.java:193)
	at org.gradle.api.internal.tasks.testing.worker.TestWorker.executeAndMaintainThreadName(TestWorker.java:129)
	at org.gradle.api.internal.tasks.testing.worker.TestWorker.execute(TestWorker.java:100)
	at org.gradle.api.internal.tasks.testing.worker.TestWorker.execute(TestWorker.java:60)
	at org.gradle.process.internal.worker.child.ActionExecutionWorker.execute(ActionExecutionWorker.java:56)
	at org.gradle.process.internal.worker.child.SystemApplicationClassLoaderWorker.call(SystemApplicationClassLoaderWorker.java:133)
	at org.gradle.process.internal.worker.child.SystemApplicationClassLoaderWorker.call(SystemApplicationClassLoaderWorker.java:71)
	at worker.org.gradle.process.internal.worker.GradleWorkerMain.run(GradleWorkerMain.java:69)
	at worker.org.gradle.process.internal.worker.GradleWorkerMain.main(GradleWorkerMain.java:74)

авг. 12, 2023 11:11:44 AM org.junit.platform.launcher.core.CompositeTestExecutionListener lambda$notifyEach$19
WARNING: TestExecutionListener [io.qameta.allure.junitplatform.AllureJunitPlatform] threw exception for method: executionFinished(TestIdentifier [uniqueId = [engine:junit-jupiter]/[class:ru.netology.test.YearFieldTest], parentId = [engine:junit-jupiter], displayName = ''Year' field testing', legacyReportingName = 'ru.netology.test.YearFieldTest', source = ClassSource [className = 'ru.netology.test.YearFieldTest', filePosition = null], tags = [], type = CONTAINER], TestExecutionResult [status = SUCCESSFUL, throwable = null])
java.lang.NoSuchMethodError: 'io.qameta.allure.model.TestResultContainer io.qameta.allure.model.TestResultContainer.setChildren(java.util.Collection)'
	at io.qameta.allure.junitplatform.AllureJunitPlatform.lambda$stopTestContainer$3(AllureJunitPlatform.java:301)
	at io.qameta.allure.AllureLifecycle.updateTestContainer(AllureLifecycle.java:136)
	at io.qameta.allure.junitplatform.AllureJunitPlatform.stopTestContainer(AllureJunitPlatform.java:301)
	at io.qameta.allure.junitplatform.AllureJunitPlatform.executionFinished(AllureJunitPlatform.java:171)
	at org.junit.platform.launcher.core.CompositeTestExecutionListener.lambda$executionFinished$10(CompositeTestExecutionListener.java:69)
	at org.junit.platform.launcher.core.CompositeTestExecutionListener.lambda$notifyEach$19(CompositeTestExecutionListener.java:95)
	at java.base/java.util.ArrayList.forEach(ArrayList.java:1541)
	at org.junit.platform.launcher.core.CompositeTestExecutionListener.notifyEach(CompositeTestExecutionListener.java:93)
	at org.junit.platform.launcher.core.CompositeTestExecutionListener.executionFinished(CompositeTestExecutionListener.java:69)
	at org.junit.platform.launcher.core.ExecutionListenerAdapter.executionFinished(ExecutionListenerAdapter.java:56)
	at org.junit.platform.launcher.core.CompositeEngineExecutionListener.lambda$executionFinished$6(CompositeEngineExecutionListener.java:57)
	at org.junit.platform.launcher.core.CompositeEngineExecutionListener.lambda$notifyEach$11(CompositeEngineExecutionListener.java:71)
	at java.base/java.util.ArrayList.forEach(ArrayList.java:1541)
	at org.junit.platform.launcher.core.CompositeEngineExecutionListener.notifyEach(CompositeEngineExecutionListener.java:69)
	at org.junit.platform.launcher.core.CompositeEngineExecutionListener.executionFinished(CompositeEngineExecutionListener.java:56)
	at org.junit.platform.launcher.core.DelegatingEngineExecutionListener.executionFinished(DelegatingEngineExecutionListener.java:46)
	at org.junit.platform.launcher.core.OutcomeDelayingEngineExecutionListener.executionFinished(OutcomeDelayingEngineExecutionListener.java:63)
	at org.junit.platform.engine.support.hierarchical.NodeTestTask.reportCompletion(NodeTestTask.java:195)
	at org.junit.platform.engine.support.hierarchical.NodeTestTask.execute(NodeTestTask.java:100)
	at java.base/java.util.ArrayList.forEach(ArrayList.java:1541)
	at org.junit.platform.engine.support.hierarchical.SameThreadHierarchicalTestExecutorService.invokeAll(SameThreadHierarchicalTestExecutorService.java:41)
	at org.junit.platform.engine.support.hierarchical.NodeTestTask.lambda$executeRecursively$6(NodeTestTask.java:155)
	at org.junit.platform.engine.support.hierarchical.ThrowableCollector.execute(ThrowableCollector.java:73)
	at org.junit.platform.engine.support.hierarchical.NodeTestTask.lambda$executeRecursively$8(NodeTestTask.java:141)
	at org.junit.platform.engine.support.hierarchical.Node.around(Node.java:137)
	at org.junit.platform.engine.support.hierarchical.NodeTestTask.lambda$executeRecursively$9(NodeTestTask.java:139)
	at org.junit.platform.engine.support.hierarchical.ThrowableCollector.execute(ThrowableCollector.java:73)
	at org.junit.platform.engine.support.hierarchical.NodeTestTask.executeRecursively(NodeTestTask.java:138)
	at org.junit.platform.engine.support.hierarchical.NodeTestTask.execute(NodeTestTask.java:95)
	at org.junit.platform.engine.support.hierarchical.SameThreadHierarchicalTestExecutorService.submit(SameThreadHierarchicalTestExecutorService.java:35)
	at org.junit.platform.engine.support.hierarchical.HierarchicalTestExecutor.execute(HierarchicalTestExecutor.java:57)
	at org.junit.platform.engine.support.hierarchical.HierarchicalTestEngine.execute(HierarchicalTestEngine.java:54)
	at org.junit.platform.launcher.core.EngineExecutionOrchestrator.execute(EngineExecutionOrchestrator.java:147)
	at org.junit.platform.launcher.core.EngineExecutionOrchestrator.execute(EngineExecutionOrchestrator.java:127)
	at org.junit.platform.launcher.core.EngineExecutionOrchestrator.execute(EngineExecutionOrchestrator.java:90)
	at org.junit.platform.launcher.core.EngineExecutionOrchestrator.lambda$execute$0(EngineExecutionOrchestrator.java:55)
	at org.junit.platform.launcher.core.EngineExecutionOrchestrator.withInterceptedStreams(EngineExecutionOrchestrator.java:102)
	at org.junit.platform.launcher.core.EngineExecutionOrchestrator.execute(EngineExecutionOrchestrator.java:54)
	at org.junit.platform.launcher.core.DefaultLauncher.execute(DefaultLauncher.java:114)
	at org.junit.platform.launcher.core.DefaultLauncher.execute(DefaultLauncher.java:86)
	at org.junit.platform.launcher.core.DefaultLauncherSession$DelegatingLauncher.execute(DefaultLauncherSession.java:86)
	at org.junit.platform.launcher.core.SessionPerRequestLauncher.execute(SessionPerRequestLauncher.java:53)
	at org.gradle.api.internal.tasks.testing.junitplatform.JUnitPlatformTestClassProcessor$CollectAllTestClassesExecutor.processAllTestClasses(JUnitPlatformTestClassProcessor.java:99)
	at org.gradle.api.internal.tasks.testing.junitplatform.JUnitPlatformTestClassProcessor$CollectAllTestClassesExecutor.access$000(JUnitPlatformTestClassProcessor.java:79)
	at org.gradle.api.internal.tasks.testing.junitplatform.JUnitPlatformTestClassProcessor.stop(JUnitPlatformTestClassProcessor.java:75)
	at org.gradle.api.internal.tasks.testing.SuiteTestClassProcessor.stop(SuiteTestClassProcessor.java:61)
	at java.base/jdk.internal.reflect.NativeMethodAccessorImpl.invoke0(Native Method)
	at java.base/jdk.internal.reflect.NativeMethodAccessorImpl.invoke(NativeMethodAccessorImpl.java:62)
	at java.base/jdk.internal.reflect.DelegatingMethodAccessorImpl.invoke(DelegatingMethodAccessorImpl.java:43)
	at java.base/java.lang.reflect.Method.invoke(Method.java:566)
	at org.gradle.internal.dispatch.ReflectionDispatch.dispatch(ReflectionDispatch.java:36)
	at org.gradle.internal.dispatch.ReflectionDispatch.dispatch(ReflectionDispatch.java:24)
	at org.gradle.internal.dispatch.ContextClassLoaderDispatch.dispatch(ContextClassLoaderDispatch.java:33)
	at org.gradle.internal.dispatch.ProxyDispatchAdapter$DispatchingInvocationHandler.invoke(ProxyDispatchAdapter.java:94)
	at com.sun.proxy.$Proxy2.stop(Unknown Source)
	at org.gradle.api.internal.tasks.testing.worker.TestWorker$3.run(TestWorker.java:193)
	at org.gradle.api.internal.tasks.testing.worker.TestWorker.executeAndMaintainThreadName(TestWorker.java:129)
	at org.gradle.api.internal.tasks.testing.worker.TestWorker.execute(TestWorker.java:100)
	at org.gradle.api.internal.tasks.testing.worker.TestWorker.execute(TestWorker.java:60)
	at org.gradle.process.internal.worker.child.ActionExecutionWorker.execute(ActionExecutionWorker.java:56)
	at org.gradle.process.internal.worker.child.SystemApplicationClassLoaderWorker.call(SystemApplicationClassLoaderWorker.java:133)
	at org.gradle.process.internal.worker.child.SystemApplicationClassLoaderWorker.call(SystemApplicationClassLoaderWorker.java:71)
	at worker.org.gradle.process.internal.worker.GradleWorkerMain.run(GradleWorkerMain.java:69)
	at worker.org.gradle.process.internal.worker.GradleWorkerMain.main(GradleWorkerMain.java:74)

]]></system-err>
</testsuite>
